{"C:\\Users\\Hype\\OneDrive\\Desktop\\Kuliah\\Proyekan\\Bot scraping 3.0\\src\\config.js": {"path":"C:\\Users\\Hype\\OneDrive\\Desktop\\Kuliah\\Proyekan\\Bot scraping 3.0\\src\\config.js","statementMap":{"0":{"start":{"line":18,"column":2},"end":{"line":18,"column":71}},"1":{"start":{"line":18,"column":55},"end":{"line":18,"column":71}},"2":{"start":{"line":19,"column":2},"end":{"line":19,"column":72}},"3":{"start":{"line":29,"column":2},"end":{"line":29,"column":71}},"4":{"start":{"line":29,"column":55},"end":{"line":29,"column":71}},"5":{"start":{"line":30,"column":12},"end":{"line":30,"column":29}},"6":{"start":{"line":31,"column":2},"end":{"line":31,"column":40}},"7":{"start":{"line":40,"column":2},"end":{"line":40,"column":49}},"8":{"start":{"line":40,"column":39},"end":{"line":40,"column":49}},"9":{"start":{"line":41,"column":2},"end":{"line":41,"column":59}},"10":{"start":{"line":41,"column":33},"end":{"line":41,"column":41}},"11":{"start":{"line":51,"column":15},"end":{"line":51,"column":29}},"12":{"start":{"line":52,"column":2},"end":{"line":52,"column":43}},"13":{"start":{"line":57,"column":12},"end":{"line":57,"column":23}},"14":{"start":{"line":59,"column":15},"end":{"line":158,"column":1}},"15":{"start":{"line":161,"column":0},"end":{"line":161,"column":22}},"16":{"start":{"line":162,"column":0},"end":{"line":162,"column":27}},"17":{"start":{"line":163,"column":0},"end":{"line":163,"column":28}},"18":{"start":{"line":164,"column":0},"end":{"line":164,"column":29}},"19":{"start":{"line":165,"column":0},"end":{"line":165,"column":25}},"20":{"start":{"line":166,"column":0},"end":{"line":166,"column":32}},"21":{"start":{"line":167,"column":0},"end":{"line":167,"column":32}},"22":{"start":{"line":168,"column":0},"end":{"line":168,"column":30}},"23":{"start":{"line":169,"column":0},"end":{"line":169,"column":30}},"24":{"start":{"line":170,"column":0},"end":{"line":170,"column":32}},"25":{"start":{"line":171,"column":0},"end":{"line":171,"column":32}},"26":{"start":{"line":172,"column":0},"end":{"line":172,"column":28}},"27":{"start":{"line":173,"column":0},"end":{"line":173,"column":29}},"28":{"start":{"line":175,"column":0},"end":{"line":175,"column":24}}},"fnMap":{"0":{"name":"toBool","decl":{"start":{"line":17,"column":9},"end":{"line":17,"column":15}},"loc":{"start":{"line":17,"column":39},"end":{"line":20,"column":1}},"line":17},"1":{"name":"toInt","decl":{"start":{"line":28,"column":9},"end":{"line":28,"column":14}},"loc":{"start":{"line":28,"column":30},"end":{"line":32,"column":1}},"line":28},"2":{"name":"parseList","decl":{"start":{"line":39,"column":9},"end":{"line":39,"column":18}},"loc":{"start":{"line":39,"column":24},"end":{"line":42,"column":1}},"line":39},"3":{"name":"(anonymous_3)","decl":{"start":{"line":41,"column":28},"end":{"line":41,"column":29}},"loc":{"start":{"line":41,"column":33},"end":{"line":41,"column":41}},"line":41},"4":{"name":"parsePriorityList","decl":{"start":{"line":50,"column":9},"end":{"line":50,"column":26}},"loc":{"start":{"line":50,"column":47},"end":{"line":53,"column":1}},"line":50}},"branchMap":{"0":{"loc":{"start":{"line":17,"column":21},"end":{"line":17,"column":37}},"type":"default-arg","locations":[{"start":{"line":17,"column":32},"end":{"line":17,"column":37}}],"line":17},"1":{"loc":{"start":{"line":18,"column":2},"end":{"line":18,"column":71}},"type":"if","locations":[{"start":{"line":18,"column":2},"end":{"line":18,"column":71}},{"start":{},"end":{}}],"line":18},"2":{"loc":{"start":{"line":18,"column":6},"end":{"line":18,"column":53}},"type":"binary-expr","locations":[{"start":{"line":18,"column":6},"end":{"line":18,"column":23}},{"start":{"line":18,"column":27},"end":{"line":18,"column":39}},{"start":{"line":18,"column":43},"end":{"line":18,"column":53}}],"line":18},"3":{"loc":{"start":{"line":29,"column":2},"end":{"line":29,"column":71}},"type":"if","locations":[{"start":{"line":29,"column":2},"end":{"line":29,"column":71}},{"start":{},"end":{}}],"line":29},"4":{"loc":{"start":{"line":29,"column":6},"end":{"line":29,"column":53}},"type":"binary-expr","locations":[{"start":{"line":29,"column":6},"end":{"line":29,"column":23}},{"start":{"line":29,"column":27},"end":{"line":29,"column":39}},{"start":{"line":29,"column":43},"end":{"line":29,"column":53}}],"line":29},"5":{"loc":{"start":{"line":31,"column":9},"end":{"line":31,"column":39}},"type":"cond-expr","locations":[{"start":{"line":31,"column":27},"end":{"line":31,"column":35}},{"start":{"line":31,"column":38},"end":{"line":31,"column":39}}],"line":31},"6":{"loc":{"start":{"line":40,"column":2},"end":{"line":40,"column":49}},"type":"if","locations":[{"start":{"line":40,"column":2},"end":{"line":40,"column":49}},{"start":{},"end":{}}],"line":40},"7":{"loc":{"start":{"line":40,"column":6},"end":{"line":40,"column":37}},"type":"binary-expr","locations":[{"start":{"line":40,"column":6},"end":{"line":40,"column":10}},{"start":{"line":40,"column":14},"end":{"line":40,"column":37}}],"line":40},"8":{"loc":{"start":{"line":50,"column":32},"end":{"line":50,"column":45}},"type":"default-arg","locations":[{"start":{"line":50,"column":43},"end":{"line":50,"column":45}}],"line":50},"9":{"loc":{"start":{"line":52,"column":9},"end":{"line":52,"column":42}},"type":"cond-expr","locations":[{"start":{"line":52,"column":27},"end":{"line":52,"column":31}},{"start":{"line":52,"column":34},"end":{"line":52,"column":42}}],"line":52},"10":{"loc":{"start":{"line":61,"column":11},"end":{"line":61,"column":40}},"type":"binary-expr","locations":[{"start":{"line":61,"column":11},"end":{"line":61,"column":23}},{"start":{"line":61,"column":27},"end":{"line":61,"column":40}}],"line":61},"11":{"loc":{"start":{"line":62,"column":11},"end":{"line":62,"column":33}},"type":"binary-expr","locations":[{"start":{"line":62,"column":11},"end":{"line":62,"column":23}},{"start":{"line":62,"column":27},"end":{"line":62,"column":33}}],"line":62},"12":{"loc":{"start":{"line":63,"column":15},"end":{"line":63,"column":49}},"type":"binary-expr","locations":[{"start":{"line":63,"column":15},"end":{"line":63,"column":31}},{"start":{"line":63,"column":35},"end":{"line":63,"column":49}}],"line":63},"13":{"loc":{"start":{"line":64,"column":12},"end":{"line":64,"column":35}},"type":"binary-expr","locations":[{"start":{"line":64,"column":12},"end":{"line":64,"column":25}},{"start":{"line":64,"column":29},"end":{"line":64,"column":35}}],"line":64},"14":{"loc":{"start":{"line":67,"column":10},"end":{"line":67,"column":34}},"type":"binary-expr","locations":[{"start":{"line":67,"column":10},"end":{"line":67,"column":22}},{"start":{"line":67,"column":26},"end":{"line":67,"column":34}}],"line":67},"15":{"loc":{"start":{"line":68,"column":11},"end":{"line":68,"column":37}},"type":"binary-expr","locations":[{"start":{"line":68,"column":11},"end":{"line":68,"column":24}},{"start":{"line":68,"column":28},"end":{"line":68,"column":37}}],"line":68},"16":{"loc":{"start":{"line":69,"column":10},"end":{"line":69,"column":34}},"type":"binary-expr","locations":[{"start":{"line":69,"column":10},"end":{"line":69,"column":22}},{"start":{"line":69,"column":26},"end":{"line":69,"column":34}}],"line":69},"17":{"loc":{"start":{"line":70,"column":13},"end":{"line":70,"column":43}},"type":"binary-expr","locations":[{"start":{"line":70,"column":13},"end":{"line":70,"column":28}},{"start":{"line":70,"column":32},"end":{"line":70,"column":43}}],"line":70},"18":{"loc":{"start":{"line":71,"column":13},"end":{"line":71,"column":43}},"type":"binary-expr","locations":[{"start":{"line":71,"column":13},"end":{"line":71,"column":28}},{"start":{"line":71,"column":32},"end":{"line":71,"column":43}}],"line":71},"19":{"loc":{"start":{"line":72,"column":13},"end":{"line":72,"column":43}},"type":"binary-expr","locations":[{"start":{"line":72,"column":13},"end":{"line":72,"column":28}},{"start":{"line":72,"column":32},"end":{"line":72,"column":43}}],"line":72},"20":{"loc":{"start":{"line":73,"column":15},"end":{"line":73,"column":49}},"type":"binary-expr","locations":[{"start":{"line":73,"column":15},"end":{"line":73,"column":32}},{"start":{"line":73,"column":36},"end":{"line":73,"column":49}}],"line":73},"21":{"loc":{"start":{"line":96,"column":15},"end":{"line":96,"column":42}},"type":"binary-expr","locations":[{"start":{"line":96,"column":15},"end":{"line":96,"column":30}},{"start":{"line":96,"column":34},"end":{"line":96,"column":42}}],"line":96},"22":{"loc":{"start":{"line":102,"column":14},"end":{"line":102,"column":38}},"type":"binary-expr","locations":[{"start":{"line":102,"column":14},"end":{"line":102,"column":32}},{"start":{"line":102,"column":36},"end":{"line":102,"column":38}}],"line":102},"23":{"loc":{"start":{"line":103,"column":13},"end":{"line":103,"column":46}},"type":"binary-expr","locations":[{"start":{"line":103,"column":13},"end":{"line":103,"column":29}},{"start":{"line":103,"column":33},"end":{"line":103,"column":46}}],"line":103},"24":{"loc":{"start":{"line":106,"column":14},"end":{"line":106,"column":38}},"type":"binary-expr","locations":[{"start":{"line":106,"column":14},"end":{"line":106,"column":32}},{"start":{"line":106,"column":36},"end":{"line":106,"column":38}}],"line":106},"25":{"loc":{"start":{"line":107,"column":13},"end":{"line":107,"column":51}},"type":"binary-expr","locations":[{"start":{"line":107,"column":13},"end":{"line":107,"column":29}},{"start":{"line":107,"column":33},"end":{"line":107,"column":51}}],"line":107},"26":{"loc":{"start":{"line":110,"column":14},"end":{"line":110,"column":36}},"type":"binary-expr","locations":[{"start":{"line":110,"column":14},"end":{"line":110,"column":30}},{"start":{"line":110,"column":34},"end":{"line":110,"column":36}}],"line":110},"27":{"loc":{"start":{"line":111,"column":13},"end":{"line":111,"column":48}},"type":"binary-expr","locations":[{"start":{"line":111,"column":13},"end":{"line":111,"column":27}},{"start":{"line":111,"column":31},"end":{"line":111,"column":48}}],"line":111},"28":{"loc":{"start":{"line":114,"column":14},"end":{"line":114,"column":36}},"type":"binary-expr","locations":[{"start":{"line":114,"column":14},"end":{"line":114,"column":30}},{"start":{"line":114,"column":34},"end":{"line":114,"column":36}}],"line":114},"29":{"loc":{"start":{"line":115,"column":13},"end":{"line":115,"column":39}},"type":"binary-expr","locations":[{"start":{"line":115,"column":13},"end":{"line":115,"column":27}},{"start":{"line":115,"column":31},"end":{"line":115,"column":39}}],"line":115},"30":{"loc":{"start":{"line":121,"column":23},"end":{"line":121,"column":52}},"type":"binary-expr","locations":[{"start":{"line":121,"column":23},"end":{"line":121,"column":46}},{"start":{"line":121,"column":50},"end":{"line":121,"column":52}}],"line":121},"31":{"loc":{"start":{"line":122,"column":18},"end":{"line":122,"column":42}},"type":"binary-expr","locations":[{"start":{"line":122,"column":18},"end":{"line":122,"column":36}},{"start":{"line":122,"column":40},"end":{"line":122,"column":42}}],"line":122},"32":{"loc":{"start":{"line":123,"column":19},"end":{"line":123,"column":44}},"type":"binary-expr","locations":[{"start":{"line":123,"column":19},"end":{"line":123,"column":38}},{"start":{"line":123,"column":42},"end":{"line":123,"column":44}}],"line":123},"33":{"loc":{"start":{"line":124,"column":20},"end":{"line":124,"column":45}},"type":"binary-expr","locations":[{"start":{"line":124,"column":20},"end":{"line":124,"column":39}},{"start":{"line":124,"column":43},"end":{"line":124,"column":45}}],"line":124},"34":{"loc":{"start":{"line":125,"column":15},"end":{"line":125,"column":35}},"type":"binary-expr","locations":[{"start":{"line":125,"column":15},"end":{"line":125,"column":29}},{"start":{"line":125,"column":33},"end":{"line":125,"column":35}}],"line":125},"35":{"loc":{"start":{"line":126,"column":14},"end":{"line":126,"column":34}},"type":"binary-expr","locations":[{"start":{"line":126,"column":14},"end":{"line":126,"column":28}},{"start":{"line":126,"column":32},"end":{"line":126,"column":34}}],"line":126},"36":{"loc":{"start":{"line":127,"column":18},"end":{"line":127,"column":41}},"type":"binary-expr","locations":[{"start":{"line":127,"column":18},"end":{"line":127,"column":35}},{"start":{"line":127,"column":39},"end":{"line":127,"column":41}}],"line":127},"37":{"loc":{"start":{"line":128,"column":19},"end":{"line":128,"column":45}},"type":"binary-expr","locations":[{"start":{"line":128,"column":19},"end":{"line":128,"column":37}},{"start":{"line":128,"column":41},"end":{"line":128,"column":45}}],"line":128},"38":{"loc":{"start":{"line":129,"column":17},"end":{"line":129,"column":39}},"type":"binary-expr","locations":[{"start":{"line":129,"column":17},"end":{"line":129,"column":33}},{"start":{"line":129,"column":37},"end":{"line":129,"column":39}}],"line":129},"39":{"loc":{"start":{"line":130,"column":23},"end":{"line":130,"column":64}},"type":"binary-expr","locations":[{"start":{"line":130,"column":23},"end":{"line":130,"column":45}},{"start":{"line":130,"column":49},"end":{"line":130,"column":64}}],"line":130},"40":{"loc":{"start":{"line":131,"column":22},"end":{"line":131,"column":49}},"type":"binary-expr","locations":[{"start":{"line":131,"column":22},"end":{"line":131,"column":43}},{"start":{"line":131,"column":47},"end":{"line":131,"column":49}}],"line":131},"41":{"loc":{"start":{"line":132,"column":19},"end":{"line":132,"column":44}},"type":"binary-expr","locations":[{"start":{"line":132,"column":19},"end":{"line":132,"column":38}},{"start":{"line":132,"column":42},"end":{"line":132,"column":44}}],"line":132},"42":{"loc":{"start":{"line":133,"column":16},"end":{"line":133,"column":38}},"type":"binary-expr","locations":[{"start":{"line":133,"column":16},"end":{"line":133,"column":32}},{"start":{"line":133,"column":36},"end":{"line":133,"column":38}}],"line":133},"43":{"loc":{"start":{"line":134,"column":19},"end":{"line":134,"column":43}},"type":"binary-expr","locations":[{"start":{"line":134,"column":19},"end":{"line":134,"column":37}},{"start":{"line":134,"column":41},"end":{"line":134,"column":43}}],"line":134},"44":{"loc":{"start":{"line":135,"column":20},"end":{"line":135,"column":45}},"type":"binary-expr","locations":[{"start":{"line":135,"column":20},"end":{"line":135,"column":39}},{"start":{"line":135,"column":43},"end":{"line":135,"column":45}}],"line":135},"45":{"loc":{"start":{"line":140,"column":21},"end":{"line":140,"column":47}},"type":"binary-expr","locations":[{"start":{"line":140,"column":21},"end":{"line":140,"column":41}},{"start":{"line":140,"column":45},"end":{"line":140,"column":47}}],"line":140},"46":{"loc":{"start":{"line":154,"column":19},"end":{"line":154,"column":54}},"type":"binary-expr","locations":[{"start":{"line":154,"column":19},"end":{"line":154,"column":44}},{"start":{"line":154,"column":48},"end":{"line":154,"column":54}}],"line":154}},"s":{"0":48,"1":48,"2":0,"3":144,"4":144,"5":0,"6":0,"7":48,"8":48,"9":0,"10":0,"11":12,"12":12,"13":12,"14":12,"15":12,"16":12,"17":12,"18":12,"19":12,"20":12,"21":12,"22":12,"23":12,"24":12,"25":12,"26":12,"27":12,"28":12},"f":{"0":48,"1":144,"2":48,"3":0,"4":12},"b":{"0":[0],"1":[48,0],"2":[48,0,0],"3":[144,0],"4":[144,0,0],"5":[0,0],"6":[48,0],"7":[48,0],"8":[0],"9":[0,12],"10":[12,0],"11":[12,12],"12":[12,12],"13":[12,12],"14":[12,12],"15":[12,12],"16":[12,12],"17":[12,12],"18":[12,12],"19":[12,12],"20":[12,12],"21":[12,12],"22":[12,12],"23":[12,12],"24":[12,12],"25":[12,12],"26":[12,12],"27":[12,12],"28":[12,12],"29":[12,12],"30":[12,12],"31":[12,12],"32":[12,12],"33":[12,12],"34":[12,12],"35":[12,12],"36":[12,12],"37":[12,12],"38":[12,12],"39":[12,12],"40":[12,12],"41":[12,12],"42":[12,12],"43":[12,12],"44":[12,12],"45":[12,12],"46":[12,12]},"_coverageSchema":"1a1c01bbd47fc00a2c39e90264f33305004495a9","hash":"907616a6178582dde2b2158d24c7e72dbde59556"}
,"C:\\Users\\Hype\\OneDrive\\Desktop\\Kuliah\\Proyekan\\Bot scraping 3.0\\src\\bot\\nlp\\contextMemory.js": {"path":"C:\\Users\\Hype\\OneDrive\\Desktop\\Kuliah\\Proyekan\\Bot scraping 3.0\\src\\bot\\nlp\\contextMemory.js","statementMap":{"0":{"start":{"line":9,"column":25},"end":{"line":9,"column":65}},"1":{"start":{"line":11,"column":12},"end":{"line":11,"column":39}},"2":{"start":{"line":14,"column":23},"end":{"line":14,"column":37}},"3":{"start":{"line":17,"column":28},"end":{"line":17,"column":41}},"4":{"start":{"line":20,"column":20},"end":{"line":20,"column":22}},"5":{"start":{"line":34,"column":14},"end":{"line":34,"column":23}},"6":{"start":{"line":37,"column":19},"end":{"line":37,"column":23}},"7":{"start":{"line":43,"column":2},"end":{"line":43,"column":27}},"8":{"start":{"line":43,"column":20},"end":{"line":43,"column":27}},"9":{"start":{"line":44,"column":2},"end":{"line":56,"column":26}},"10":{"start":{"line":45,"column":16},"end":{"line":45,"column":26}},"11":{"start":{"line":46,"column":18},"end":{"line":46,"column":19}},"12":{"start":{"line":47,"column":4},"end":{"line":52,"column":5}},"13":{"start":{"line":48,"column":6},"end":{"line":51,"column":7}},"14":{"start":{"line":49,"column":8},"end":{"line":49,"column":29}},"15":{"start":{"line":50,"column":8},"end":{"line":50,"column":18}},"16":{"start":{"line":53,"column":4},"end":{"line":55,"column":5}},"17":{"start":{"line":54,"column":6},"end":{"line":54,"column":62}},"18":{"start":{"line":59,"column":2},"end":{"line":59,"column":47}},"19":{"start":{"line":59,"column":26},"end":{"line":59,"column":47}},"20":{"start":{"line":66,"column":2},"end":{"line":69,"column":3}},"21":{"start":{"line":67,"column":4},"end":{"line":67,"column":32}},"22":{"start":{"line":68,"column":4},"end":{"line":68,"column":24}},"23":{"start":{"line":83,"column":2},"end":{"line":83,"column":22}},"24":{"start":{"line":83,"column":15},"end":{"line":83,"column":22}},"25":{"start":{"line":85,"column":12},"end":{"line":85,"column":29}},"26":{"start":{"line":86,"column":2},"end":{"line":97,"column":3}},"27":{"start":{"line":87,"column":4},"end":{"line":95,"column":6}},"28":{"start":{"line":96,"column":4},"end":{"line":96,"column":27}},"29":{"start":{"line":100,"column":2},"end":{"line":100,"column":77}},"30":{"start":{"line":100,"column":40},"end":{"line":100,"column":77}},"31":{"start":{"line":101,"column":2},"end":{"line":101,"column":68}},"32":{"start":{"line":101,"column":37},"end":{"line":101,"column":68}},"33":{"start":{"line":102,"column":2},"end":{"line":102,"column":71}},"34":{"start":{"line":102,"column":38},"end":{"line":102,"column":71}},"35":{"start":{"line":103,"column":2},"end":{"line":103,"column":74}},"36":{"start":{"line":103,"column":39},"end":{"line":103,"column":74}},"37":{"start":{"line":106,"column":2},"end":{"line":116,"column":3}},"38":{"start":{"line":107,"column":4},"end":{"line":111,"column":7}},"39":{"start":{"line":113,"column":4},"end":{"line":115,"column":5}},"40":{"start":{"line":114,"column":6},"end":{"line":114,"column":54}},"41":{"start":{"line":118,"column":2},"end":{"line":118,"column":29}},"42":{"start":{"line":121,"column":2},"end":{"line":121,"column":17}},"43":{"start":{"line":130,"column":2},"end":{"line":130,"column":27}},"44":{"start":{"line":130,"column":15},"end":{"line":130,"column":27}},"45":{"start":{"line":131,"column":14},"end":{"line":131,"column":31}},"46":{"start":{"line":132,"column":2},"end":{"line":132,"column":24}},"47":{"start":{"line":132,"column":12},"end":{"line":132,"column":24}},"48":{"start":{"line":135,"column":2},"end":{"line":138,"column":3}},"49":{"start":{"line":136,"column":4},"end":{"line":136,"column":25}},"50":{"start":{"line":137,"column":4},"end":{"line":137,"column":16}},"51":{"start":{"line":140,"column":2},"end":{"line":140,"column":13}},"52":{"start":{"line":148,"column":2},"end":{"line":148,"column":22}},"53":{"start":{"line":148,"column":15},"end":{"line":148,"column":22}},"54":{"start":{"line":149,"column":2},"end":{"line":149,"column":23}},"55":{"start":{"line":150,"column":2},"end":{"line":150,"column":45}},"56":{"start":{"line":158,"column":2},"end":{"line":158,"column":20}},"57":{"start":{"line":161,"column":0},"end":{"line":168,"column":2}}},"fnMap":{"0":{"name":"startCleanup","decl":{"start":{"line":42,"column":9},"end":{"line":42,"column":21}},"loc":{"start":{"line":42,"column":24},"end":{"line":60,"column":1}},"line":42},"1":{"name":"(anonymous_1)","decl":{"start":{"line":44,"column":29},"end":{"line":44,"column":30}},"loc":{"start":{"line":44,"column":35},"end":{"line":56,"column":3}},"line":44},"2":{"name":"stopCleanup","decl":{"start":{"line":65,"column":9},"end":{"line":65,"column":20}},"loc":{"start":{"line":65,"column":23},"end":{"line":70,"column":1}},"line":65},"3":{"name":"storeContext","decl":{"start":{"line":82,"column":9},"end":{"line":82,"column":21}},"loc":{"start":{"line":82,"column":38},"end":{"line":122,"column":1}},"line":82},"4":{"name":"getContext","decl":{"start":{"line":129,"column":9},"end":{"line":129,"column":19}},"loc":{"start":{"line":129,"column":28},"end":{"line":141,"column":1}},"line":129},"5":{"name":"clearContext","decl":{"start":{"line":147,"column":9},"end":{"line":147,"column":21}},"loc":{"start":{"line":147,"column":30},"end":{"line":151,"column":1}},"line":147},"6":{"name":"size","decl":{"start":{"line":157,"column":9},"end":{"line":157,"column":13}},"loc":{"start":{"line":157,"column":16},"end":{"line":159,"column":1}},"line":157}},"branchMap":{"0":{"loc":{"start":{"line":43,"column":2},"end":{"line":43,"column":27}},"type":"if","locations":[{"start":{"line":43,"column":2},"end":{"line":43,"column":27}},{"start":{},"end":{}}],"line":43},"1":{"loc":{"start":{"line":48,"column":6},"end":{"line":51,"column":7}},"type":"if","locations":[{"start":{"line":48,"column":6},"end":{"line":51,"column":7}},{"start":{},"end":{}}],"line":48},"2":{"loc":{"start":{"line":53,"column":4},"end":{"line":55,"column":5}},"type":"if","locations":[{"start":{"line":53,"column":4},"end":{"line":55,"column":5}},{"start":{},"end":{}}],"line":53},"3":{"loc":{"start":{"line":59,"column":2},"end":{"line":59,"column":47}},"type":"if","locations":[{"start":{"line":59,"column":2},"end":{"line":59,"column":47}},{"start":{},"end":{}}],"line":59},"4":{"loc":{"start":{"line":66,"column":2},"end":{"line":69,"column":3}},"type":"if","locations":[{"start":{"line":66,"column":2},"end":{"line":69,"column":3}},{"start":{},"end":{}}],"line":66},"5":{"loc":{"start":{"line":83,"column":2},"end":{"line":83,"column":22}},"type":"if","locations":[{"start":{"line":83,"column":2},"end":{"line":83,"column":22}},{"start":{},"end":{}}],"line":83},"6":{"loc":{"start":{"line":86,"column":2},"end":{"line":97,"column":3}},"type":"if","locations":[{"start":{"line":86,"column":2},"end":{"line":97,"column":3}},{"start":{},"end":{}}],"line":86},"7":{"loc":{"start":{"line":100,"column":2},"end":{"line":100,"column":77}},"type":"if","locations":[{"start":{"line":100,"column":2},"end":{"line":100,"column":77}},{"start":{},"end":{}}],"line":100},"8":{"loc":{"start":{"line":101,"column":2},"end":{"line":101,"column":68}},"type":"if","locations":[{"start":{"line":101,"column":2},"end":{"line":101,"column":68}},{"start":{},"end":{}}],"line":101},"9":{"loc":{"start":{"line":102,"column":2},"end":{"line":102,"column":71}},"type":"if","locations":[{"start":{"line":102,"column":2},"end":{"line":102,"column":71}},{"start":{},"end":{}}],"line":102},"10":{"loc":{"start":{"line":103,"column":2},"end":{"line":103,"column":74}},"type":"if","locations":[{"start":{"line":103,"column":2},"end":{"line":103,"column":74}},{"start":{},"end":{}}],"line":103},"11":{"loc":{"start":{"line":106,"column":2},"end":{"line":116,"column":3}},"type":"if","locations":[{"start":{"line":106,"column":2},"end":{"line":116,"column":3}},{"start":{},"end":{}}],"line":106},"12":{"loc":{"start":{"line":108,"column":12},"end":{"line":108,"column":41}},"type":"binary-expr","locations":[{"start":{"line":108,"column":12},"end":{"line":108,"column":31}},{"start":{"line":108,"column":35},"end":{"line":108,"column":41}}],"line":108},"13":{"loc":{"start":{"line":109,"column":15},"end":{"line":109,"column":43}},"type":"binary-expr","locations":[{"start":{"line":109,"column":15},"end":{"line":109,"column":37}},{"start":{"line":109,"column":41},"end":{"line":109,"column":43}}],"line":109},"14":{"loc":{"start":{"line":113,"column":4},"end":{"line":115,"column":5}},"type":"if","locations":[{"start":{"line":113,"column":4},"end":{"line":115,"column":5}},{"start":{},"end":{}}],"line":113},"15":{"loc":{"start":{"line":130,"column":2},"end":{"line":130,"column":27}},"type":"if","locations":[{"start":{"line":130,"column":2},"end":{"line":130,"column":27}},{"start":{},"end":{}}],"line":130},"16":{"loc":{"start":{"line":132,"column":2},"end":{"line":132,"column":24}},"type":"if","locations":[{"start":{"line":132,"column":2},"end":{"line":132,"column":24}},{"start":{},"end":{}}],"line":132},"17":{"loc":{"start":{"line":135,"column":2},"end":{"line":138,"column":3}},"type":"if","locations":[{"start":{"line":135,"column":2},"end":{"line":138,"column":3}},{"start":{},"end":{}}],"line":135},"18":{"loc":{"start":{"line":148,"column":2},"end":{"line":148,"column":22}},"type":"if","locations":[{"start":{"line":148,"column":2},"end":{"line":148,"column":22}},{"start":{},"end":{}}],"line":148}},"s":{"0":1,"1":1,"2":1,"3":1,"4":1,"5":1,"6":1,"7":41,"8":29,"9":12,"10":1,"11":1,"12":1,"13":9,"14":1,"15":1,"16":1,"17":1,"18":12,"19":12,"20":21,"21":12,"22":12,"23":38,"24":1,"25":37,"26":37,"27":11,"28":11,"29":37,"30":7,"31":37,"32":1,"33":37,"34":1,"35":37,"36":1,"37":37,"38":28,"39":28,"40":5,"41":37,"42":37,"43":14,"44":2,"45":12,"46":12,"47":2,"48":10,"49":1,"50":1,"51":9,"52":19,"53":2,"54":17,"55":17,"56":7,"57":1},"f":{"0":41,"1":1,"2":21,"3":38,"4":14,"5":19,"6":7},"b":{"0":[29,12],"1":[1,8],"2":[1,0],"3":[12,0],"4":[12,9],"5":[1,37],"6":[11,26],"7":[7,30],"8":[1,36],"9":[1,36],"10":[1,36],"11":[28,9],"12":[28,1],"13":[28,0],"14":[5,23],"15":[2,12],"16":[2,10],"17":[1,9],"18":[2,17]},"_coverageSchema":"1a1c01bbd47fc00a2c39e90264f33305004495a9","hash":"7a574b25fca06b707ba76b2175731d6a037aefe7"}
,"C:\\Users\\Hype\\OneDrive\\Desktop\\Kuliah\\Proyekan\\Bot scraping 3.0\\src\\bot\\nlp\\entityExtractor.js": {"path":"C:\\Users\\Hype\\OneDrive\\Desktop\\Kuliah\\Proyekan\\Bot scraping 3.0\\src\\bot\\nlp\\entityExtractor.js","statementMap":{"0":{"start":{"line":9,"column":55},"end":{"line":9,"column":88}},"1":{"start":{"line":10,"column":25},"end":{"line":10,"column":65}},"2":{"start":{"line":12,"column":12},"end":{"line":12,"column":38}},"3":{"start":{"line":18,"column":22},"end":{"line":26,"column":1}},"4":{"start":{"line":31,"column":20},"end":{"line":35,"column":2}},"5":{"start":{"line":43,"column":2},"end":{"line":48,"column":3}},"6":{"start":{"line":43,"column":15},"end":{"line":43,"column":16}},"7":{"start":{"line":44,"column":18},"end":{"line":44,"column":40}},"8":{"start":{"line":45,"column":4},"end":{"line":47,"column":5}},"9":{"start":{"line":46,"column":6},"end":{"line":46,"column":58}},"10":{"start":{"line":49,"column":2},"end":{"line":49,"column":39}},"11":{"start":{"line":58,"column":14},"end":{"line":58,"column":18}},"12":{"start":{"line":59,"column":18},"end":{"line":59,"column":22}},"13":{"start":{"line":62,"column":21},"end":{"line":62,"column":59}},"14":{"start":{"line":63,"column":2},"end":{"line":66,"column":3}},"15":{"start":{"line":64,"column":4},"end":{"line":64,"column":40}},"16":{"start":{"line":65,"column":4},"end":{"line":65,"column":60}},"17":{"start":{"line":69,"column":2},"end":{"line":75,"column":3}},"18":{"start":{"line":70,"column":21},"end":{"line":70,"column":49}},"19":{"start":{"line":71,"column":4},"end":{"line":74,"column":5}},"20":{"start":{"line":72,"column":6},"end":{"line":72,"column":40}},"21":{"start":{"line":73,"column":6},"end":{"line":73,"column":60}},"22":{"start":{"line":77,"column":2},"end":{"line":83,"column":3}},"23":{"start":{"line":78,"column":23},"end":{"line":78,"column":67}},"24":{"start":{"line":79,"column":4},"end":{"line":82,"column":5}},"25":{"start":{"line":80,"column":6},"end":{"line":80,"column":42}},"26":{"start":{"line":81,"column":6},"end":{"line":81,"column":62}},"27":{"start":{"line":85,"column":2},"end":{"line":85,"column":64}},"28":{"start":{"line":94,"column":15},"end":{"line":94,"column":19}},"29":{"start":{"line":95,"column":18},"end":{"line":95,"column":22}},"30":{"start":{"line":97,"column":22},"end":{"line":97,"column":54}},"31":{"start":{"line":98,"column":2},"end":{"line":101,"column":3}},"32":{"start":{"line":99,"column":4},"end":{"line":99,"column":45}},"33":{"start":{"line":100,"column":4},"end":{"line":100,"column":61}},"34":{"start":{"line":103,"column":2},"end":{"line":103,"column":31}},"35":{"start":{"line":113,"column":19},"end":{"line":113,"column":52}},"36":{"start":{"line":114,"column":2},"end":{"line":114,"column":35}},"37":{"start":{"line":114,"column":16},"end":{"line":114,"column":35}},"38":{"start":{"line":117,"column":21},"end":{"line":117,"column":58}},"39":{"start":{"line":118,"column":2},"end":{"line":118,"column":50}},"40":{"start":{"line":118,"column":18},"end":{"line":118,"column":50}},"41":{"start":{"line":121,"column":24},"end":{"line":121,"column":72}},"42":{"start":{"line":122,"column":2},"end":{"line":122,"column":56}},"43":{"start":{"line":122,"column":21},"end":{"line":122,"column":56}},"44":{"start":{"line":125,"column":20},"end":{"line":125,"column":50}},"45":{"start":{"line":126,"column":2},"end":{"line":126,"column":47}},"46":{"start":{"line":126,"column":17},"end":{"line":126,"column":47}},"47":{"start":{"line":128,"column":2},"end":{"line":128,"column":14}},"48":{"start":{"line":138,"column":2},"end":{"line":140,"column":3}},"49":{"start":{"line":139,"column":4},"end":{"line":139,"column":105}},"50":{"start":{"line":143,"column":21},"end":{"line":143,"column":44}},"51":{"start":{"line":146,"column":29},"end":{"line":146,"column":47}},"52":{"start":{"line":149,"column":23},"end":{"line":149,"column":47}},"53":{"start":{"line":150,"column":17},"end":{"line":150,"column":36}},"54":{"start":{"line":151,"column":2},"end":{"line":151,"column":37}},"55":{"start":{"line":154,"column":16},"end":{"line":154,"column":54}},"56":{"start":{"line":157,"column":44},"end":{"line":157,"column":62}},"57":{"start":{"line":158,"column":15},"end":{"line":158,"column":40}},"58":{"start":{"line":161,"column":23},"end":{"line":167,"column":4}},"59":{"start":{"line":162,"column":18},"end":{"line":162,"column":33}},"60":{"start":{"line":163,"column":4},"end":{"line":163,"column":38}},"61":{"start":{"line":163,"column":25},"end":{"line":163,"column":38}},"62":{"start":{"line":164,"column":4},"end":{"line":164,"column":45}},"63":{"start":{"line":164,"column":32},"end":{"line":164,"column":45}},"64":{"start":{"line":165,"column":4},"end":{"line":165,"column":39}},"65":{"start":{"line":165,"column":26},"end":{"line":165,"column":39}},"66":{"start":{"line":166,"column":4},"end":{"line":166,"column":16}},"67":{"start":{"line":169,"column":18},"end":{"line":169,"column":47}},"68":{"start":{"line":171,"column":2},"end":{"line":171,"column":80}},"69":{"start":{"line":173,"column":2},"end":{"line":173,"column":70}},"70":{"start":{"line":176,"column":0},"end":{"line":176,"column":56}}},"fnMap":{"0":{"name":"extractType","decl":{"start":{"line":42,"column":9},"end":{"line":42,"column":20}},"loc":{"start":{"line":42,"column":28},"end":{"line":50,"column":1}},"line":42},"1":{"name":"extractLimit","decl":{"start":{"line":57,"column":9},"end":{"line":57,"column":21}},"loc":{"start":{"line":57,"column":28},"end":{"line":86,"column":1}},"line":57},"2":{"name":"extractFormat","decl":{"start":{"line":93,"column":9},"end":{"line":93,"column":22}},"loc":{"start":{"line":93,"column":29},"end":{"line":104,"column":1}},"line":93},"3":{"name":"extractIdentifier","decl":{"start":{"line":111,"column":9},"end":{"line":111,"column":26}},"loc":{"start":{"line":111,"column":33},"end":{"line":129,"column":1}},"line":111},"4":{"name":"extractEntities","decl":{"start":{"line":137,"column":9},"end":{"line":137,"column":24}},"loc":{"start":{"line":137,"column":39},"end":{"line":174,"column":1}},"line":137},"5":{"name":"(anonymous_5)","decl":{"start":{"line":161,"column":36},"end":{"line":161,"column":37}},"loc":{"start":{"line":161,"column":46},"end":{"line":167,"column":3}},"line":161}},"branchMap":{"0":{"loc":{"start":{"line":45,"column":4},"end":{"line":47,"column":5}},"type":"if","locations":[{"start":{"line":45,"column":4},"end":{"line":47,"column":5}},{"start":{},"end":{}}],"line":45},"1":{"loc":{"start":{"line":63,"column":2},"end":{"line":66,"column":3}},"type":"if","locations":[{"start":{"line":63,"column":2},"end":{"line":66,"column":3}},{"start":{},"end":{}}],"line":63},"2":{"loc":{"start":{"line":69,"column":2},"end":{"line":75,"column":3}},"type":"if","locations":[{"start":{"line":69,"column":2},"end":{"line":75,"column":3}},{"start":{},"end":{}}],"line":69},"3":{"loc":{"start":{"line":71,"column":4},"end":{"line":74,"column":5}},"type":"if","locations":[{"start":{"line":71,"column":4},"end":{"line":74,"column":5}},{"start":{},"end":{}}],"line":71},"4":{"loc":{"start":{"line":77,"column":2},"end":{"line":83,"column":3}},"type":"if","locations":[{"start":{"line":77,"column":2},"end":{"line":83,"column":3}},{"start":{},"end":{}}],"line":77},"5":{"loc":{"start":{"line":79,"column":4},"end":{"line":82,"column":5}},"type":"if","locations":[{"start":{"line":79,"column":4},"end":{"line":82,"column":5}},{"start":{},"end":{}}],"line":79},"6":{"loc":{"start":{"line":85,"column":18},"end":{"line":85,"column":50}},"type":"cond-expr","locations":[{"start":{"line":85,"column":26},"end":{"line":85,"column":43}},{"start":{"line":85,"column":46},"end":{"line":85,"column":50}}],"line":85},"7":{"loc":{"start":{"line":98,"column":2},"end":{"line":101,"column":3}},"type":"if","locations":[{"start":{"line":98,"column":2},"end":{"line":101,"column":3}},{"start":{},"end":{}}],"line":98},"8":{"loc":{"start":{"line":114,"column":2},"end":{"line":114,"column":35}},"type":"if","locations":[{"start":{"line":114,"column":2},"end":{"line":114,"column":35}},{"start":{},"end":{}}],"line":114},"9":{"loc":{"start":{"line":118,"column":2},"end":{"line":118,"column":50}},"type":"if","locations":[{"start":{"line":118,"column":2},"end":{"line":118,"column":50}},{"start":{},"end":{}}],"line":118},"10":{"loc":{"start":{"line":122,"column":2},"end":{"line":122,"column":56}},"type":"if","locations":[{"start":{"line":122,"column":2},"end":{"line":122,"column":56}},{"start":{},"end":{}}],"line":122},"11":{"loc":{"start":{"line":126,"column":2},"end":{"line":126,"column":47}},"type":"if","locations":[{"start":{"line":126,"column":2},"end":{"line":126,"column":47}},{"start":{},"end":{}}],"line":126},"12":{"loc":{"start":{"line":138,"column":2},"end":{"line":140,"column":3}},"type":"if","locations":[{"start":{"line":138,"column":2},"end":{"line":140,"column":3}},{"start":{},"end":{}}],"line":138},"13":{"loc":{"start":{"line":138,"column":6},"end":{"line":138,"column":39}},"type":"binary-expr","locations":[{"start":{"line":138,"column":6},"end":{"line":138,"column":11}},{"start":{"line":138,"column":15},"end":{"line":138,"column":39}}],"line":138},"14":{"loc":{"start":{"line":158,"column":15},"end":{"line":158,"column":40}},"type":"binary-expr","locations":[{"start":{"line":158,"column":15},"end":{"line":158,"column":27}},{"start":{"line":158,"column":31},"end":{"line":158,"column":40}}],"line":158},"15":{"loc":{"start":{"line":163,"column":4},"end":{"line":163,"column":38}},"type":"if","locations":[{"start":{"line":163,"column":4},"end":{"line":163,"column":38}},{"start":{},"end":{}}],"line":163},"16":{"loc":{"start":{"line":164,"column":4},"end":{"line":164,"column":45}},"type":"if","locations":[{"start":{"line":164,"column":4},"end":{"line":164,"column":45}},{"start":{},"end":{}}],"line":164},"17":{"loc":{"start":{"line":165,"column":4},"end":{"line":165,"column":39}},"type":"if","locations":[{"start":{"line":165,"column":4},"end":{"line":165,"column":39}},{"start":{},"end":{}}],"line":165}},"s":{"0":1,"1":1,"2":1,"3":1,"4":1,"5":6,"6":6,"7":12,"8":12,"9":5,"10":1,"11":6,"12":6,"13":6,"14":6,"15":1,"16":1,"17":6,"18":5,"19":5,"20":1,"21":1,"22":6,"23":4,"24":4,"25":1,"26":1,"27":6,"28":6,"29":6,"30":6,"31":6,"32":1,"33":1,"34":6,"35":9,"36":9,"37":1,"38":8,"39":8,"40":1,"41":7,"42":7,"43":0,"44":7,"45":7,"46":0,"47":7,"48":8,"49":2,"50":6,"51":6,"52":6,"53":6,"54":6,"55":6,"56":6,"57":6,"58":6,"59":19,"60":19,"61":5,"62":14,"63":5,"64":9,"65":0,"66":9,"67":6,"68":6,"69":6,"70":1},"f":{"0":6,"1":6,"2":6,"3":9,"4":8,"5":19},"b":{"0":[5,7],"1":[1,5],"2":[5,1],"3":[1,4],"4":[4,2],"5":[1,3],"6":[3,3],"7":[1,5],"8":[1,8],"9":[1,7],"10":[0,7],"11":[0,7],"12":[2,6],"13":[8,6],"14":[6,1],"15":[5,14],"16":[5,9],"17":[0,9]},"_coverageSchema":"1a1c01bbd47fc00a2c39e90264f33305004495a9","hash":"c496a3501a617fcb81b5b936eb6036f9096d9eb2"}
,"C:\\Users\\Hype\\OneDrive\\Desktop\\Kuliah\\Proyekan\\Bot scraping 3.0\\src\\bot\\nlp\\intentClassifier.js": {"path":"C:\\Users\\Hype\\OneDrive\\Desktop\\Kuliah\\Proyekan\\Bot scraping 3.0\\src\\bot\\nlp\\intentClassifier.js","statementMap":{"0":{"start":{"line":8,"column":25},"end":{"line":8,"column":65}},"1":{"start":{"line":10,"column":12},"end":{"line":10,"column":38}},"2":{"start":{"line":13,"column":16},"end":{"line":21,"column":1}},"3":{"start":{"line":26,"column":14},"end":{"line":93,"column":1}},"4":{"start":{"line":101,"column":2},"end":{"line":103,"column":3}},"5":{"start":{"line":102,"column":4},"end":{"line":102,"column":54}},"6":{"start":{"line":105,"column":18},"end":{"line":105,"column":29}},"7":{"start":{"line":107,"column":2},"end":{"line":113,"column":3}},"8":{"start":{"line":108,"column":4},"end":{"line":112,"column":5}},"9":{"start":{"line":109,"column":6},"end":{"line":111,"column":7}},"10":{"start":{"line":110,"column":8},"end":{"line":110,"column":68}},"11":{"start":{"line":115,"column":2},"end":{"line":115,"column":52}},"12":{"start":{"line":126,"column":21},"end":{"line":126,"column":44}},"13":{"start":{"line":128,"column":2},"end":{"line":134,"column":3}},"14":{"start":{"line":129,"column":4},"end":{"line":132,"column":7}},"15":{"start":{"line":133,"column":4},"end":{"line":133,"column":43}},"16":{"start":{"line":137,"column":2},"end":{"line":148,"column":3}},"17":{"start":{"line":139,"column":18},"end":{"line":139,"column":43}},"18":{"start":{"line":140,"column":4},"end":{"line":147,"column":5}},"19":{"start":{"line":141,"column":6},"end":{"line":141,"column":88}},"20":{"start":{"line":142,"column":6},"end":{"line":146,"column":8}},"21":{"start":{"line":151,"column":2},"end":{"line":164,"column":3}},"22":{"start":{"line":152,"column":4},"end":{"line":163,"column":5}},"23":{"start":{"line":153,"column":24},"end":{"line":153,"column":62}},"24":{"start":{"line":154,"column":23},"end":{"line":154,"column":59}},"25":{"start":{"line":155,"column":6},"end":{"line":155,"column":65}},"26":{"start":{"line":156,"column":6},"end":{"line":160,"column":8}},"27":{"start":{"line":162,"column":6},"end":{"line":162,"column":76}},"28":{"start":{"line":167,"column":2},"end":{"line":167,"column":41}},"29":{"start":{"line":170,"column":0},"end":{"line":170,"column":64}}},"fnMap":{"0":{"name":"ruleBasedClassify","decl":{"start":{"line":100,"column":9},"end":{"line":100,"column":26}},"loc":{"start":{"line":100,"column":33},"end":{"line":116,"column":1}},"line":100},"1":{"name":"classifyIntent","decl":{"start":{"line":124,"column":15},"end":{"line":124,"column":29}},"loc":{"start":{"line":124,"column":45},"end":{"line":168,"column":1}},"line":124}},"branchMap":{"0":{"loc":{"start":{"line":101,"column":2},"end":{"line":103,"column":3}},"type":"if","locations":[{"start":{"line":101,"column":2},"end":{"line":103,"column":3}},{"start":{},"end":{}}],"line":101},"1":{"loc":{"start":{"line":101,"column":6},"end":{"line":101,"column":39}},"type":"binary-expr","locations":[{"start":{"line":101,"column":6},"end":{"line":101,"column":11}},{"start":{"line":101,"column":15},"end":{"line":101,"column":39}}],"line":101},"2":{"loc":{"start":{"line":109,"column":6},"end":{"line":111,"column":7}},"type":"if","locations":[{"start":{"line":109,"column":6},"end":{"line":111,"column":7}},{"start":{},"end":{}}],"line":109},"3":{"loc":{"start":{"line":128,"column":2},"end":{"line":134,"column":3}},"type":"if","locations":[{"start":{"line":128,"column":2},"end":{"line":134,"column":3}},{"start":{},"end":{}}],"line":128},"4":{"loc":{"start":{"line":137,"column":2},"end":{"line":148,"column":3}},"type":"if","locations":[{"start":{"line":137,"column":2},"end":{"line":148,"column":3}},{"start":{},"end":{}}],"line":137},"5":{"loc":{"start":{"line":137,"column":6},"end":{"line":137,"column":35}},"type":"binary-expr","locations":[{"start":{"line":137,"column":6},"end":{"line":137,"column":13}},{"start":{"line":137,"column":17},"end":{"line":137,"column":35}}],"line":137},"6":{"loc":{"start":{"line":140,"column":4},"end":{"line":147,"column":5}},"type":"if","locations":[{"start":{"line":140,"column":4},"end":{"line":147,"column":5}},{"start":{},"end":{}}],"line":140},"7":{"loc":{"start":{"line":151,"column":2},"end":{"line":164,"column":3}},"type":"if","locations":[{"start":{"line":151,"column":2},"end":{"line":164,"column":3}},{"start":{},"end":{}}],"line":151},"8":{"loc":{"start":{"line":157,"column":16},"end":{"line":157,"column":50}},"type":"binary-expr","locations":[{"start":{"line":157,"column":16},"end":{"line":157,"column":31}},{"start":{"line":157,"column":35},"end":{"line":157,"column":50}}],"line":157},"9":{"loc":{"start":{"line":159,"column":18},"end":{"line":159,"column":41}},"type":"binary-expr","locations":[{"start":{"line":159,"column":18},"end":{"line":159,"column":35}},{"start":{"line":159,"column":39},"end":{"line":159,"column":41}}],"line":159}},"s":{"0":1,"1":1,"2":1,"3":1,"4":11,"5":3,"6":8,"7":8,"8":41,"9":186,"10":4,"11":4,"12":8,"13":8,"14":3,"15":3,"16":5,"17":1,"18":1,"19":1,"20":1,"21":4,"22":4,"23":4,"24":4,"25":3,"26":3,"27":1,"28":1,"29":1},"f":{"0":11,"1":8},"b":{"0":[3,8],"1":[11,8],"2":[4,182],"3":[3,5],"4":[1,4],"5":[5,1],"6":[1,0],"7":[4,0],"8":[3,0],"9":[3,2]},"_coverageSchema":"1a1c01bbd47fc00a2c39e90264f33305004495a9","hash":"375477778fb4661c77ab435b7b52bb3f8e17a864"}
,"C:\\Users\\Hype\\OneDrive\\Desktop\\Kuliah\\Proyekan\\Bot scraping 3.0\\src\\bot\\wizard\\wizardPrompts.js": {"path":"C:\\Users\\Hype\\OneDrive\\Desktop\\Kuliah\\Proyekan\\Bot scraping 3.0\\src\\bot\\wizard\\wizardPrompts.js","statementMap":{"0":{"start":{"line":8,"column":15},"end":{"line":8,"column":38}},"1":{"start":{"line":10,"column":16},"end":{"line":29,"column":1}},"2":{"start":{"line":24,"column":22},"end":{"line":24,"column":100}},"3":{"start":{"line":31,"column":0},"end":{"line":31,"column":25}}},"fnMap":{"0":{"name":"(anonymous_0)","decl":{"start":{"line":24,"column":9},"end":{"line":24,"column":10}},"loc":{"start":{"line":24,"column":22},"end":{"line":24,"column":100}},"line":24}},"branchMap":{},"s":{"0":1,"1":1,"2":4,"3":1},"f":{"0":4},"b":{},"_coverageSchema":"1a1c01bbd47fc00a2c39e90264f33305004495a9","hash":"341d6b2b5ff3611445479f3b8ea6fd06d50e02ea"}
,"C:\\Users\\Hype\\OneDrive\\Desktop\\Kuliah\\Proyekan\\Bot scraping 3.0\\src\\bot\\wizard\\wizardStateMachine.js": {"path":"C:\\Users\\Hype\\OneDrive\\Desktop\\Kuliah\\Proyekan\\Bot scraping 3.0\\src\\bot\\wizard\\wizardStateMachine.js","statementMap":{"0":{"start":{"line":9,"column":16},"end":{"line":9,"column":42}},"1":{"start":{"line":10,"column":74},"end":{"line":10,"column":103}},"2":{"start":{"line":11,"column":25},"end":{"line":11,"column":65}},"3":{"start":{"line":13,"column":12},"end":{"line":13,"column":38}},"4":{"start":{"line":16,"column":17},"end":{"line":16,"column":26}},"5":{"start":{"line":18,"column":14},"end":{"line":18,"column":53}},"6":{"start":{"line":19,"column":19},"end":{"line":19,"column":32}},"7":{"start":{"line":27,"column":2},"end":{"line":32,"column":5}},"8":{"start":{"line":31,"column":30},"end":{"line":31,"column":44}},"9":{"start":{"line":33,"column":2},"end":{"line":33,"column":40}},"10":{"start":{"line":34,"column":2},"end":{"line":34,"column":29}},"11":{"start":{"line":44,"column":18},"end":{"line":44,"column":38}},"12":{"start":{"line":45,"column":2},"end":{"line":45,"column":62}},"13":{"start":{"line":45,"column":16},"end":{"line":45,"column":62}},"14":{"start":{"line":48,"column":22},"end":{"line":48,"column":65}},"15":{"start":{"line":49,"column":2},"end":{"line":52,"column":3}},"16":{"start":{"line":50,"column":4},"end":{"line":50,"column":20}},"17":{"start":{"line":51,"column":4},"end":{"line":51,"column":65}},"18":{"start":{"line":54,"column":22},"end":{"line":54,"column":41}},"19":{"start":{"line":57,"column":2},"end":{"line":87,"column":3}},"20":{"start":{"line":59,"column":6},"end":{"line":59,"column":42}},"21":{"start":{"line":60,"column":6},"end":{"line":60,"column":97}},"22":{"start":{"line":60,"column":29},"end":{"line":60,"column":97}},"23":{"start":{"line":61,"column":6},"end":{"line":61,"column":46}},"24":{"start":{"line":62,"column":6},"end":{"line":62,"column":12}},"25":{"start":{"line":65,"column":6},"end":{"line":65,"column":39}},"26":{"start":{"line":66,"column":6},"end":{"line":66,"column":94}},"27":{"start":{"line":66,"column":29},"end":{"line":66,"column":94}},"28":{"start":{"line":67,"column":6},"end":{"line":67,"column":43}},"29":{"start":{"line":68,"column":6},"end":{"line":68,"column":12}},"30":{"start":{"line":71,"column":6},"end":{"line":71,"column":40}},"31":{"start":{"line":72,"column":6},"end":{"line":72,"column":95}},"32":{"start":{"line":72,"column":29},"end":{"line":72,"column":95}},"33":{"start":{"line":73,"column":6},"end":{"line":73,"column":44}},"34":{"start":{"line":74,"column":6},"end":{"line":74,"column":12}},"35":{"start":{"line":77,"column":6},"end":{"line":77,"column":42}},"36":{"start":{"line":78,"column":6},"end":{"line":78,"column":97}},"37":{"start":{"line":78,"column":29},"end":{"line":78,"column":97}},"38":{"start":{"line":79,"column":6},"end":{"line":82,"column":7}},"39":{"start":{"line":80,"column":8},"end":{"line":80,"column":24}},"40":{"start":{"line":81,"column":8},"end":{"line":81,"column":69}},"41":{"start":{"line":84,"column":19},"end":{"line":84,"column":38}},"42":{"start":{"line":85,"column":6},"end":{"line":85,"column":22}},"43":{"start":{"line":86,"column":6},"end":{"line":86,"column":46}},"44":{"start":{"line":90,"column":2},"end":{"line":90,"column":17}},"45":{"start":{"line":91,"column":2},"end":{"line":91,"column":23}},"46":{"start":{"line":93,"column":19},"end":{"line":93,"column":38}},"47":{"start":{"line":94,"column":2},"end":{"line":102,"column":3}},"48":{"start":{"line":95,"column":22},"end":{"line":95,"column":84}},"49":{"start":{"line":96,"column":20},"end":{"line":100,"column":16}},"50":{"start":{"line":101,"column":4},"end":{"line":101,"column":77}},"51":{"start":{"line":104,"column":2},"end":{"line":104,"column":68}},"52":{"start":{"line":113,"column":2},"end":{"line":113,"column":30}},"53":{"start":{"line":121,"column":18},"end":{"line":121,"column":38}},"54":{"start":{"line":122,"column":2},"end":{"line":125,"column":3}},"55":{"start":{"line":123,"column":4},"end":{"line":123,"column":34}},"56":{"start":{"line":124,"column":4},"end":{"line":124,"column":67}},"57":{"start":{"line":124,"column":39},"end":{"line":124,"column":53}},"58":{"start":{"line":133,"column":2},"end":{"line":136,"column":3}},"59":{"start":{"line":134,"column":4},"end":{"line":134,"column":28}},"60":{"start":{"line":135,"column":4},"end":{"line":135,"column":42}},"61":{"start":{"line":144,"column":18},"end":{"line":144,"column":38}},"62":{"start":{"line":145,"column":2},"end":{"line":149,"column":3}},"63":{"start":{"line":146,"column":4},"end":{"line":146,"column":34}},"64":{"start":{"line":147,"column":4},"end":{"line":147,"column":28}},"65":{"start":{"line":148,"column":4},"end":{"line":148,"column":45}},"66":{"start":{"line":152,"column":0},"end":{"line":152,"column":60}}},"fnMap":{"0":{"name":"start","decl":{"start":{"line":26,"column":9},"end":{"line":26,"column":14}},"loc":{"start":{"line":26,"column":23},"end":{"line":35,"column":1}},"line":26},"1":{"name":"(anonymous_1)","decl":{"start":{"line":31,"column":24},"end":{"line":31,"column":25}},"loc":{"start":{"line":31,"column":30},"end":{"line":31,"column":44}},"line":31},"2":{"name":"processInput","decl":{"start":{"line":43,"column":9},"end":{"line":43,"column":21}},"loc":{"start":{"line":43,"column":37},"end":{"line":105,"column":1}},"line":43},"3":{"name":"isActive","decl":{"start":{"line":112,"column":9},"end":{"line":112,"column":17}},"loc":{"start":{"line":112,"column":26},"end":{"line":114,"column":1}},"line":112},"4":{"name":"resetTimeout","decl":{"start":{"line":120,"column":9},"end":{"line":120,"column":21}},"loc":{"start":{"line":120,"column":30},"end":{"line":126,"column":1}},"line":120},"5":{"name":"(anonymous_5)","decl":{"start":{"line":124,"column":33},"end":{"line":124,"column":34}},"loc":{"start":{"line":124,"column":39},"end":{"line":124,"column":53}},"line":124},"6":{"name":"expire","decl":{"start":{"line":132,"column":9},"end":{"line":132,"column":15}},"loc":{"start":{"line":132,"column":24},"end":{"line":137,"column":1}},"line":132},"7":{"name":"destroy","decl":{"start":{"line":143,"column":9},"end":{"line":143,"column":16}},"loc":{"start":{"line":143,"column":25},"end":{"line":150,"column":1}},"line":143}},"branchMap":{"0":{"loc":{"start":{"line":45,"column":2},"end":{"line":45,"column":62}},"type":"if","locations":[{"start":{"line":45,"column":2},"end":{"line":45,"column":62}},{"start":{},"end":{}}],"line":45},"1":{"loc":{"start":{"line":49,"column":2},"end":{"line":52,"column":3}},"type":"if","locations":[{"start":{"line":49,"column":2},"end":{"line":52,"column":3}},{"start":{},"end":{}}],"line":49},"2":{"loc":{"start":{"line":57,"column":2},"end":{"line":87,"column":3}},"type":"switch","locations":[{"start":{"line":58,"column":4},"end":{"line":62,"column":12}},{"start":{"line":64,"column":4},"end":{"line":68,"column":12}},{"start":{"line":70,"column":4},"end":{"line":74,"column":12}},{"start":{"line":76,"column":4},"end":{"line":86,"column":46}}],"line":57},"3":{"loc":{"start":{"line":60,"column":6},"end":{"line":60,"column":97}},"type":"if","locations":[{"start":{"line":60,"column":6},"end":{"line":60,"column":97}},{"start":{},"end":{}}],"line":60},"4":{"loc":{"start":{"line":66,"column":6},"end":{"line":66,"column":94}},"type":"if","locations":[{"start":{"line":66,"column":6},"end":{"line":66,"column":94}},{"start":{},"end":{}}],"line":66},"5":{"loc":{"start":{"line":72,"column":6},"end":{"line":72,"column":95}},"type":"if","locations":[{"start":{"line":72,"column":6},"end":{"line":72,"column":95}},{"start":{},"end":{}}],"line":72},"6":{"loc":{"start":{"line":78,"column":6},"end":{"line":78,"column":97}},"type":"if","locations":[{"start":{"line":78,"column":6},"end":{"line":78,"column":97}},{"start":{},"end":{}}],"line":78},"7":{"loc":{"start":{"line":79,"column":6},"end":{"line":82,"column":7}},"type":"if","locations":[{"start":{"line":79,"column":6},"end":{"line":82,"column":7}},{"start":{},"end":{}}],"line":79},"8":{"loc":{"start":{"line":94,"column":2},"end":{"line":102,"column":3}},"type":"if","locations":[{"start":{"line":94,"column":2},"end":{"line":102,"column":3}},{"start":{},"end":{}}],"line":94},"9":{"loc":{"start":{"line":122,"column":2},"end":{"line":125,"column":3}},"type":"if","locations":[{"start":{"line":122,"column":2},"end":{"line":125,"column":3}},{"start":{},"end":{}}],"line":122},"10":{"loc":{"start":{"line":133,"column":2},"end":{"line":136,"column":3}},"type":"if","locations":[{"start":{"line":133,"column":2},"end":{"line":136,"column":3}},{"start":{},"end":{}}],"line":133},"11":{"loc":{"start":{"line":145,"column":2},"end":{"line":149,"column":3}},"type":"if","locations":[{"start":{"line":145,"column":2},"end":{"line":149,"column":3}},{"start":{},"end":{}}],"line":145}},"s":{"0":1,"1":1,"2":1,"3":1,"4":1,"5":1,"6":1,"7":10,"8":1,"9":10,"10":10,"11":23,"12":23,"13":1,"14":22,"15":22,"16":1,"17":1,"18":21,"19":21,"20":7,"21":7,"22":1,"23":6,"24":6,"25":6,"26":6,"27":1,"28":5,"29":5,"30":5,"31":5,"32":1,"33":4,"34":4,"35":3,"36":3,"37":1,"38":2,"39":1,"40":1,"41":1,"42":1,"43":1,"44":15,"45":15,"46":15,"47":15,"48":4,"49":4,"50":4,"51":11,"52":4,"53":15,"54":15,"55":15,"56":15,"57":0,"58":1,"59":1,"60":1,"61":14,"62":14,"63":9,"64":9,"65":9,"66":1},"f":{"0":10,"1":1,"2":23,"3":4,"4":15,"5":0,"6":1,"7":14},"b":{"0":[1,22],"1":[1,21],"2":[7,6,5,3],"3":[1,6],"4":[1,5],"5":[1,4],"6":[1,2],"7":[1,1],"8":[4,11],"9":[15,0],"10":[1,0],"11":[9,5]},"_coverageSchema":"1a1c01bbd47fc00a2c39e90264f33305004495a9","hash":"2d20222f3fcd3b9ef1da8e03ef9d1b9d73dffb01"}
,"C:\\Users\\Hype\\OneDrive\\Desktop\\Kuliah\\Proyekan\\Bot scraping 3.0\\src\\bot\\wizard\\wizardValidators.js": {"path":"C:\\Users\\Hype\\OneDrive\\Desktop\\Kuliah\\Proyekan\\Bot scraping 3.0\\src\\bot\\wizard\\wizardValidators.js","statementMap":{"0":{"start":{"line":8,"column":26},"end":{"line":8,"column":59}},"1":{"start":{"line":16,"column":18},"end":{"line":16,"column":38}},"2":{"start":{"line":17,"column":2},"end":{"line":17,"column":73}},"3":{"start":{"line":17,"column":38},"end":{"line":17,"column":73}},"4":{"start":{"line":18,"column":2},"end":{"line":18,"column":41}},"5":{"start":{"line":27,"column":18},"end":{"line":27,"column":52}},"6":{"start":{"line":28,"column":14},"end":{"line":28,"column":79}},"7":{"start":{"line":30,"column":2},"end":{"line":30,"column":64}},"8":{"start":{"line":30,"column":20},"end":{"line":30,"column":64}},"9":{"start":{"line":32,"column":21},"end":{"line":32,"column":64}},"10":{"start":{"line":33,"column":2},"end":{"line":33,"column":75}},"11":{"start":{"line":33,"column":36},"end":{"line":33,"column":75}},"12":{"start":{"line":36,"column":28},"end":{"line":36,"column":61}},"13":{"start":{"line":37,"column":21},"end":{"line":37,"column":43}},"14":{"start":{"line":41,"column":2},"end":{"line":43,"column":3}},"15":{"start":{"line":42,"column":4},"end":{"line":42,"column":45}},"16":{"start":{"line":46,"column":22},"end":{"line":50,"column":3}},"17":{"start":{"line":52,"column":2},"end":{"line":52,"column":80}},"18":{"start":{"line":52,"column":28},"end":{"line":52,"column":80}},"19":{"start":{"line":54,"column":2},"end":{"line":54,"column":37}},"20":{"start":{"line":63,"column":18},"end":{"line":63,"column":52}},"21":{"start":{"line":64,"column":2},"end":{"line":64,"column":97}},"22":{"start":{"line":64,"column":63},"end":{"line":64,"column":97}},"23":{"start":{"line":66,"column":14},"end":{"line":66,"column":35}},"24":{"start":{"line":67,"column":2},"end":{"line":67,"column":76}},"25":{"start":{"line":67,"column":41},"end":{"line":67,"column":76}},"26":{"start":{"line":68,"column":2},"end":{"line":68,"column":37}},"27":{"start":{"line":77,"column":18},"end":{"line":77,"column":52}},"28":{"start":{"line":78,"column":14},"end":{"line":78,"column":74}},"29":{"start":{"line":79,"column":13},"end":{"line":79,"column":65}},"30":{"start":{"line":81,"column":2},"end":{"line":81,"column":65}},"31":{"start":{"line":81,"column":29},"end":{"line":81,"column":65}},"32":{"start":{"line":82,"column":2},"end":{"line":82,"column":65}},"33":{"start":{"line":82,"column":28},"end":{"line":82,"column":65}},"34":{"start":{"line":83,"column":2},"end":{"line":83,"column":40}},"35":{"start":{"line":86,"column":0},"end":{"line":86,"column":83}}},"fnMap":{"0":{"name":"validateKeyword","decl":{"start":{"line":15,"column":9},"end":{"line":15,"column":24}},"loc":{"start":{"line":15,"column":32},"end":{"line":19,"column":1}},"line":15},"1":{"name":"validateType","decl":{"start":{"line":26,"column":9},"end":{"line":26,"column":21}},"loc":{"start":{"line":26,"column":29},"end":{"line":55,"column":1}},"line":26},"2":{"name":"validateLimit","decl":{"start":{"line":62,"column":9},"end":{"line":62,"column":22}},"loc":{"start":{"line":62,"column":30},"end":{"line":69,"column":1}},"line":62},"3":{"name":"validateConfirm","decl":{"start":{"line":76,"column":9},"end":{"line":76,"column":24}},"loc":{"start":{"line":76,"column":32},"end":{"line":84,"column":1}},"line":76}},"branchMap":{"0":{"loc":{"start":{"line":16,"column":19},"end":{"line":16,"column":30}},"type":"binary-expr","locations":[{"start":{"line":16,"column":19},"end":{"line":16,"column":24}},{"start":{"line":16,"column":28},"end":{"line":16,"column":30}}],"line":16},"1":{"loc":{"start":{"line":17,"column":2},"end":{"line":17,"column":73}},"type":"if","locations":[{"start":{"line":17,"column":2},"end":{"line":17,"column":73}},{"start":{},"end":{}}],"line":17},"2":{"loc":{"start":{"line":17,"column":6},"end":{"line":17,"column":36}},"type":"binary-expr","locations":[{"start":{"line":17,"column":6},"end":{"line":17,"column":14}},{"start":{"line":17,"column":18},"end":{"line":17,"column":36}}],"line":17},"3":{"loc":{"start":{"line":27,"column":19},"end":{"line":27,"column":30}},"type":"binary-expr","locations":[{"start":{"line":27,"column":19},"end":{"line":27,"column":24}},{"start":{"line":27,"column":28},"end":{"line":27,"column":30}}],"line":27},"4":{"loc":{"start":{"line":30,"column":2},"end":{"line":30,"column":64}},"type":"if","locations":[{"start":{"line":30,"column":2},"end":{"line":30,"column":64}},{"start":{},"end":{}}],"line":30},"5":{"loc":{"start":{"line":33,"column":2},"end":{"line":33,"column":75}},"type":"if","locations":[{"start":{"line":33,"column":2},"end":{"line":33,"column":75}},{"start":{},"end":{}}],"line":33},"6":{"loc":{"start":{"line":41,"column":2},"end":{"line":43,"column":3}},"type":"if","locations":[{"start":{"line":41,"column":2},"end":{"line":43,"column":3}},{"start":{},"end":{}}],"line":41},"7":{"loc":{"start":{"line":41,"column":6},"end":{"line":41,"column":95}},"type":"binary-expr","locations":[{"start":{"line":41,"column":6},"end":{"line":41,"column":24}},{"start":{"line":41,"column":28},"end":{"line":41,"column":49}},{"start":{"line":41,"column":53},"end":{"line":41,"column":70}},{"start":{"line":41,"column":74},"end":{"line":41,"column":95}}],"line":41},"8":{"loc":{"start":{"line":52,"column":2},"end":{"line":52,"column":80}},"type":"if","locations":[{"start":{"line":52,"column":2},"end":{"line":52,"column":80}},{"start":{},"end":{}}],"line":52},"9":{"loc":{"start":{"line":63,"column":19},"end":{"line":63,"column":30}},"type":"binary-expr","locations":[{"start":{"line":63,"column":19},"end":{"line":63,"column":24}},{"start":{"line":63,"column":28},"end":{"line":63,"column":30}}],"line":63},"10":{"loc":{"start":{"line":64,"column":2},"end":{"line":64,"column":97}},"type":"if","locations":[{"start":{"line":64,"column":2},"end":{"line":64,"column":97}},{"start":{},"end":{}}],"line":64},"11":{"loc":{"start":{"line":64,"column":6},"end":{"line":64,"column":61}},"type":"binary-expr","locations":[{"start":{"line":64,"column":6},"end":{"line":64,"column":24}},{"start":{"line":64,"column":28},"end":{"line":64,"column":42}},{"start":{"line":64,"column":46},"end":{"line":64,"column":61}}],"line":64},"12":{"loc":{"start":{"line":67,"column":2},"end":{"line":67,"column":76}},"type":"if","locations":[{"start":{"line":67,"column":2},"end":{"line":67,"column":76}},{"start":{},"end":{}}],"line":67},"13":{"loc":{"start":{"line":67,"column":6},"end":{"line":67,"column":39}},"type":"binary-expr","locations":[{"start":{"line":67,"column":6},"end":{"line":67,"column":16}},{"start":{"line":67,"column":20},"end":{"line":67,"column":27}},{"start":{"line":67,"column":31},"end":{"line":67,"column":39}}],"line":67},"14":{"loc":{"start":{"line":77,"column":19},"end":{"line":77,"column":30}},"type":"binary-expr","locations":[{"start":{"line":77,"column":19},"end":{"line":77,"column":24}},{"start":{"line":77,"column":28},"end":{"line":77,"column":30}}],"line":77},"15":{"loc":{"start":{"line":81,"column":2},"end":{"line":81,"column":65}},"type":"if","locations":[{"start":{"line":81,"column":2},"end":{"line":81,"column":65}},{"start":{},"end":{}}],"line":81},"16":{"loc":{"start":{"line":82,"column":2},"end":{"line":82,"column":65}},"type":"if","locations":[{"start":{"line":82,"column":2},"end":{"line":82,"column":65}},{"start":{},"end":{}}],"line":82}},"s":{"0":1,"1":7,"2":7,"3":1,"4":6,"5":6,"6":6,"7":6,"8":5,"9":1,"10":1,"11":0,"12":1,"13":1,"14":1,"15":0,"16":1,"17":1,"18":0,"19":1,"20":5,"21":5,"22":1,"23":4,"24":4,"25":1,"26":3,"27":3,"28":3,"29":3,"30":3,"31":1,"32":2,"33":1,"34":1,"35":1},"f":{"0":7,"1":6,"2":5,"3":3},"b":{"0":[7,1],"1":[1,6],"2":[7,6],"3":[6,0],"4":[5,1],"5":[0,1],"6":[0,1],"7":[1,1,1,1],"8":[0,1],"9":[5,0],"10":[1,4],"11":[5,4,4],"12":[1,3],"13":[4,4,4],"14":[3,0],"15":[1,2],"16":[1,1]},"_coverageSchema":"1a1c01bbd47fc00a2c39e90264f33305004495a9","hash":"0c21574986dbc365a255d270a7f17f1998ba2c69"}
,"C:\\Users\\Hype\\OneDrive\\Desktop\\Kuliah\\Proyekan\\Bot scraping 3.0\\src\\jobs\\jobSchemas.js": {"path":"C:\\Users\\Hype\\OneDrive\\Desktop\\Kuliah\\Proyekan\\Bot scraping 3.0\\src\\jobs\\jobSchemas.js","statementMap":{"0":{"start":{"line":8,"column":26},"end":{"line":8,"column":48}},"1":{"start":{"line":9,"column":19},"end":{"line":9,"column":43}},"2":{"start":{"line":12,"column":17},"end":{"line":18,"column":1}},"3":{"start":{"line":21,"column":18},"end":{"line":24,"column":1}},"4":{"start":{"line":27,"column":15},"end":{"line":35,"column":1}},"5":{"start":{"line":54,"column":16},"end":{"line":54,"column":31}},"6":{"start":{"line":55,"column":14},"end":{"line":55,"column":22}},"7":{"start":{"line":57,"column":2},"end":{"line":95,"column":4}},"8":{"start":{"line":98,"column":0},"end":{"line":98,"column":66}}},"fnMap":{"0":{"name":"createJobObject","decl":{"start":{"line":53,"column":9},"end":{"line":53,"column":24}},"loc":{"start":{"line":53,"column":34},"end":{"line":96,"column":1}},"line":53}},"branchMap":{"0":{"loc":{"start":{"line":60,"column":10},"end":{"line":60,"column":42}},"type":"binary-expr","locations":[{"start":{"line":60,"column":10},"end":{"line":60,"column":22}},{"start":{"line":60,"column":26},"end":{"line":60,"column":42}}],"line":60},"1":{"loc":{"start":{"line":62,"column":15},"end":{"line":62,"column":36}},"type":"binary-expr","locations":[{"start":{"line":62,"column":15},"end":{"line":62,"column":30}},{"start":{"line":62,"column":34},"end":{"line":62,"column":36}}],"line":62},"2":{"loc":{"start":{"line":63,"column":18},"end":{"line":63,"column":49}},"type":"binary-expr","locations":[{"start":{"line":63,"column":18},"end":{"line":63,"column":36}},{"start":{"line":63,"column":40},"end":{"line":63,"column":49}}],"line":63},"3":{"loc":{"start":{"line":64,"column":13},"end":{"line":64,"column":32}},"type":"binary-expr","locations":[{"start":{"line":64,"column":13},"end":{"line":64,"column":26}},{"start":{"line":64,"column":30},"end":{"line":64,"column":32}}],"line":64},"4":{"loc":{"start":{"line":65,"column":14},"end":{"line":65,"column":38}},"type":"binary-expr","locations":[{"start":{"line":65,"column":14},"end":{"line":65,"column":28}},{"start":{"line":65,"column":32},"end":{"line":65,"column":38}}],"line":65},"5":{"loc":{"start":{"line":66,"column":16},"end":{"line":66,"column":40}},"type":"binary-expr","locations":[{"start":{"line":66,"column":16},"end":{"line":66,"column":32}},{"start":{"line":66,"column":36},"end":{"line":66,"column":40}}],"line":66},"6":{"loc":{"start":{"line":67,"column":16},"end":{"line":67,"column":42}},"type":"binary-expr","locations":[{"start":{"line":67,"column":16},"end":{"line":67,"column":32}},{"start":{"line":67,"column":36},"end":{"line":67,"column":42}}],"line":67},"7":{"loc":{"start":{"line":68,"column":14},"end":{"line":68,"column":34}},"type":"binary-expr","locations":[{"start":{"line":68,"column":14},"end":{"line":68,"column":28}},{"start":{"line":68,"column":32},"end":{"line":68,"column":34}}],"line":68},"8":{"loc":{"start":{"line":69,"column":14},"end":{"line":69,"column":34}},"type":"binary-expr","locations":[{"start":{"line":69,"column":14},"end":{"line":69,"column":28}},{"start":{"line":69,"column":32},"end":{"line":69,"column":34}}],"line":69},"9":{"loc":{"start":{"line":70,"column":18},"end":{"line":70,"column":44}},"type":"binary-expr","locations":[{"start":{"line":70,"column":18},"end":{"line":70,"column":36}},{"start":{"line":70,"column":40},"end":{"line":70,"column":44}}],"line":70},"10":{"loc":{"start":{"line":71,"column":18},"end":{"line":71,"column":44}},"type":"binary-expr","locations":[{"start":{"line":71,"column":18},"end":{"line":71,"column":36}},{"start":{"line":71,"column":40},"end":{"line":71,"column":44}}],"line":71},"11":{"loc":{"start":{"line":73,"column":12},"end":{"line":73,"column":29}},"type":"binary-expr","locations":[{"start":{"line":73,"column":12},"end":{"line":73,"column":24}},{"start":{"line":73,"column":28},"end":{"line":73,"column":29}}],"line":73},"12":{"loc":{"start":{"line":74,"column":14},"end":{"line":74,"column":36}},"type":"binary-expr","locations":[{"start":{"line":74,"column":14},"end":{"line":74,"column":28}},{"start":{"line":74,"column":32},"end":{"line":74,"column":36}}],"line":74}},"s":{"0":1,"1":1,"2":1,"3":1,"4":1,"5":5,"6":5,"7":5,"8":1},"f":{"0":5},"b":{"0":[5,4],"1":[5,1],"2":[5,4],"3":[5,4],"4":[5,4],"5":[5,5],"6":[5,5],"7":[5,5],"8":[5,5],"9":[5,4],"10":[5,5],"11":[5,5],"12":[5,5]},"_coverageSchema":"1a1c01bbd47fc00a2c39e90264f33305004495a9","hash":"4d78b7530359daac20de4633ab6d33e57c13e9f2"}
,"C:\\Users\\Hype\\OneDrive\\Desktop\\Kuliah\\Proyekan\\Bot scraping 3.0\\src\\services\\cache\\index.js": {"path":"C:\\Users\\Hype\\OneDrive\\Desktop\\Kuliah\\Proyekan\\Bot scraping 3.0\\src\\services\\cache\\index.js","statementMap":{"0":{"start":{"line":8,"column":15},"end":{"line":8,"column":38}},"1":{"start":{"line":9,"column":25},"end":{"line":9,"column":53}},"2":{"start":{"line":11,"column":12},"end":{"line":11,"column":33}},"3":{"start":{"line":14,"column":14},"end":{"line":14,"column":23}},"4":{"start":{"line":16,"column":20},"end":{"line":16,"column":60}},"5":{"start":{"line":17,"column":17},"end":{"line":17,"column":20}},"6":{"start":{"line":25,"column":16},"end":{"line":25,"column":30}},"7":{"start":{"line":26,"column":2},"end":{"line":26,"column":26}},"8":{"start":{"line":26,"column":14},"end":{"line":26,"column":26}},"9":{"start":{"line":28,"column":2},"end":{"line":31,"column":3}},"10":{"start":{"line":29,"column":4},"end":{"line":29,"column":22}},"11":{"start":{"line":30,"column":4},"end":{"line":30,"column":16}},"12":{"start":{"line":33,"column":2},"end":{"line":33,"column":20}},"13":{"start":{"line":44,"column":2},"end":{"line":47,"column":3}},"14":{"start":{"line":45,"column":19},"end":{"line":45,"column":44}},"15":{"start":{"line":46,"column":4},"end":{"line":46,"column":25}},"16":{"start":{"line":49,"column":2},"end":{"line":52,"column":5}},"17":{"start":{"line":60,"column":2},"end":{"line":60,"column":20}},"18":{"start":{"line":69,"column":2},"end":{"line":69,"column":27}},"19":{"start":{"line":76,"column":2},"end":{"line":76,"column":16}},"20":{"start":{"line":77,"column":2},"end":{"line":77,"column":29}},"21":{"start":{"line":86,"column":14},"end":{"line":86,"column":24}},"22":{"start":{"line":87,"column":2},"end":{"line":89,"column":3}},"23":{"start":{"line":88,"column":4},"end":{"line":88,"column":49}},"24":{"start":{"line":88,"column":31},"end":{"line":88,"column":49}},"25":{"start":{"line":90,"column":2},"end":{"line":90,"column":49}},"26":{"start":{"line":100,"column":17},"end":{"line":100,"column":83}},"27":{"start":{"line":100,"column":53},"end":{"line":100,"column":72}},"28":{"start":{"line":101,"column":2},"end":{"line":101,"column":31}},"29":{"start":{"line":105,"column":0},"end":{"line":115,"column":26}},"30":{"start":{"line":106,"column":14},"end":{"line":106,"column":24}},"31":{"start":{"line":107,"column":16},"end":{"line":107,"column":17}},"32":{"start":{"line":108,"column":2},"end":{"line":113,"column":3}},"33":{"start":{"line":109,"column":4},"end":{"line":112,"column":5}},"34":{"start":{"line":110,"column":6},"end":{"line":110,"column":24}},"35":{"start":{"line":111,"column":6},"end":{"line":111,"column":16}},"36":{"start":{"line":114,"column":2},"end":{"line":114,"column":82}},"37":{"start":{"line":114,"column":19},"end":{"line":114,"column":82}},"38":{"start":{"line":117,"column":0},"end":{"line":117,"column":63}}},"fnMap":{"0":{"name":"get","decl":{"start":{"line":24,"column":9},"end":{"line":24,"column":12}},"loc":{"start":{"line":24,"column":18},"end":{"line":34,"column":1}},"line":24},"1":{"name":"set","decl":{"start":{"line":42,"column":9},"end":{"line":42,"column":12}},"loc":{"start":{"line":42,"column":45},"end":{"line":53,"column":1}},"line":42},"2":{"name":"del","decl":{"start":{"line":59,"column":9},"end":{"line":59,"column":12}},"loc":{"start":{"line":59,"column":18},"end":{"line":61,"column":1}},"line":59},"3":{"name":"has","decl":{"start":{"line":68,"column":9},"end":{"line":68,"column":12}},"loc":{"start":{"line":68,"column":18},"end":{"line":70,"column":1}},"line":68},"4":{"name":"clear","decl":{"start":{"line":75,"column":9},"end":{"line":75,"column":14}},"loc":{"start":{"line":75,"column":17},"end":{"line":78,"column":1}},"line":75},"5":{"name":"stats","decl":{"start":{"line":84,"column":9},"end":{"line":84,"column":14}},"loc":{"start":{"line":84,"column":17},"end":{"line":91,"column":1}},"line":84},"6":{"name":"makeKey","decl":{"start":{"line":99,"column":9},"end":{"line":99,"column":16}},"loc":{"start":{"line":99,"column":33},"end":{"line":102,"column":1}},"line":99},"7":{"name":"(anonymous_7)","decl":{"start":{"line":100,"column":48},"end":{"line":100,"column":49}},"loc":{"start":{"line":100,"column":53},"end":{"line":100,"column":72}},"line":100},"8":{"name":"(anonymous_8)","decl":{"start":{"line":105,"column":12},"end":{"line":105,"column":13}},"loc":{"start":{"line":105,"column":18},"end":{"line":115,"column":1}},"line":105}},"branchMap":{"0":{"loc":{"start":{"line":16,"column":21},"end":{"line":16,"column":52}},"type":"binary-expr","locations":[{"start":{"line":16,"column":21},"end":{"line":16,"column":45}},{"start":{"line":16,"column":49},"end":{"line":16,"column":52}}],"line":16},"1":{"loc":{"start":{"line":26,"column":2},"end":{"line":26,"column":26}},"type":"if","locations":[{"start":{"line":26,"column":2},"end":{"line":26,"column":26}},{"start":{},"end":{}}],"line":26},"2":{"loc":{"start":{"line":28,"column":2},"end":{"line":31,"column":3}},"type":"if","locations":[{"start":{"line":28,"column":2},"end":{"line":31,"column":3}},{"start":{},"end":{}}],"line":28},"3":{"loc":{"start":{"line":42,"column":24},"end":{"line":42,"column":43}},"type":"default-arg","locations":[{"start":{"line":42,"column":32},"end":{"line":42,"column":43}}],"line":42},"4":{"loc":{"start":{"line":44,"column":2},"end":{"line":47,"column":3}},"type":"if","locations":[{"start":{"line":44,"column":2},"end":{"line":47,"column":3}},{"start":{},"end":{}}],"line":44},"5":{"loc":{"start":{"line":88,"column":4},"end":{"line":88,"column":49}},"type":"if","locations":[{"start":{"line":88,"column":4},"end":{"line":88,"column":49}},{"start":{},"end":{}}],"line":88},"6":{"loc":{"start":{"line":109,"column":4},"end":{"line":112,"column":5}},"type":"if","locations":[{"start":{"line":109,"column":4},"end":{"line":112,"column":5}},{"start":{},"end":{}}],"line":109},"7":{"loc":{"start":{"line":114,"column":2},"end":{"line":114,"column":82}},"type":"if","locations":[{"start":{"line":114,"column":2},"end":{"line":114,"column":82}},{"start":{},"end":{}}],"line":114}},"s":{"0":2,"1":2,"2":2,"3":2,"4":2,"5":2,"6":14,"7":14,"8":5,"9":9,"10":2,"11":2,"12":7,"13":517,"14":1,"15":1,"16":517,"17":1,"18":6,"19":16,"20":16,"21":7,"22":7,"23":1004,"24":1,"25":7,"26":4,"27":6,"28":4,"29":2,"30":1,"31":1,"32":1,"33":1,"34":1,"35":1,"36":1,"37":1,"38":2},"f":{"0":14,"1":517,"2":1,"3":6,"4":16,"5":7,"6":4,"7":6,"8":1},"b":{"0":[2,0],"1":[5,9],"2":[2,7],"3":[512],"4":[1,516],"5":[1,1003],"6":[1,0],"7":[1,0]},"_coverageSchema":"1a1c01bbd47fc00a2c39e90264f33305004495a9","hash":"e9ddce190711ef0c97dfec1499ae81d260da7018"}
,"C:\\Users\\Hype\\OneDrive\\Desktop\\Kuliah\\Proyekan\\Bot scraping 3.0\\src\\services\\formatters\\index.js": {"path":"C:\\Users\\Hype\\OneDrive\\Desktop\\Kuliah\\Proyekan\\Bot scraping 3.0\\src\\services\\formatters\\index.js","statementMap":{"0":{"start":{"line":8,"column":13},"end":{"line":8,"column":28}},"1":{"start":{"line":9,"column":11},"end":{"line":9,"column":24}},"2":{"start":{"line":10,"column":15},"end":{"line":10,"column":38}},"3":{"start":{"line":11,"column":33},"end":{"line":11,"column":62}},"4":{"start":{"line":12,"column":25},"end":{"line":12,"column":53}},"5":{"start":{"line":14,"column":12},"end":{"line":14,"column":38}},"6":{"start":{"line":23,"column":2},"end":{"line":23,"column":77}},"7":{"start":{"line":32,"column":2},"end":{"line":32,"column":36}},"8":{"start":{"line":32,"column":26},"end":{"line":32,"column":36}},"9":{"start":{"line":33,"column":18},"end":{"line":33,"column":39}},"10":{"start":{"line":34,"column":17},"end":{"line":39,"column":3}},"11":{"start":{"line":35,"column":16},"end":{"line":35,"column":46}},"12":{"start":{"line":36,"column":4},"end":{"line":38,"column":12}},"13":{"start":{"line":40,"column":15},"end":{"line":40,"column":77}},"14":{"start":{"line":40,"column":33},"end":{"line":40,"column":76}},"15":{"start":{"line":40,"column":50},"end":{"line":40,"column":65}},"16":{"start":{"line":41,"column":2},"end":{"line":41,"column":49}},"17":{"start":{"line":50,"column":2},"end":{"line":50,"column":36}},"18":{"start":{"line":50,"column":26},"end":{"line":50,"column":36}},"19":{"start":{"line":51,"column":18},"end":{"line":51,"column":39}},"20":{"start":{"line":52,"column":17},"end":{"line":52,"column":96}},"21":{"start":{"line":52,"column":26},"end":{"line":52,"column":96}},"22":{"start":{"line":53,"column":15},"end":{"line":53,"column":78}},"23":{"start":{"line":53,"column":33},"end":{"line":53,"column":77}},"24":{"start":{"line":53,"column":50},"end":{"line":53,"column":65}},"25":{"start":{"line":54,"column":2},"end":{"line":54,"column":50}},"26":{"start":{"line":64,"column":2},"end":{"line":64,"column":50}},"27":{"start":{"line":64,"column":26},"end":{"line":64,"column":50}},"28":{"start":{"line":65,"column":18},"end":{"line":65,"column":39}},"29":{"start":{"line":66,"column":14},"end":{"line":66,"column":114}},"30":{"start":{"line":66,"column":21},"end":{"line":66,"column":114}},"31":{"start":{"line":68,"column":13},"end":{"line":80,"column":89}},"32":{"start":{"line":80,"column":37},"end":{"line":80,"column":57}},"33":{"start":{"line":82,"column":2},"end":{"line":93,"column":3}},"34":{"start":{"line":83,"column":4},"end":{"line":83,"column":19}},"35":{"start":{"line":84,"column":4},"end":{"line":91,"column":5}},"36":{"start":{"line":85,"column":16},"end":{"line":85,"column":23}},"37":{"start":{"line":86,"column":6},"end":{"line":90,"column":7}},"38":{"start":{"line":87,"column":8},"end":{"line":87,"column":97}},"39":{"start":{"line":89,"column":8},"end":{"line":89,"column":39}},"40":{"start":{"line":92,"column":4},"end":{"line":92,"column":20}},"41":{"start":{"line":95,"column":2},"end":{"line":95,"column":43}},"42":{"start":{"line":96,"column":2},"end":{"line":96,"column":14}},"43":{"start":{"line":106,"column":2},"end":{"line":106,"column":36}},"44":{"start":{"line":106,"column":26},"end":{"line":106,"column":36}},"45":{"start":{"line":107,"column":18},"end":{"line":107,"column":39}},"46":{"start":{"line":108,"column":14},"end":{"line":113,"column":3}},"47":{"start":{"line":109,"column":4},"end":{"line":109,"column":35}},"48":{"start":{"line":109,"column":21},"end":{"line":109,"column":35}},"49":{"start":{"line":110,"column":4},"end":{"line":110,"column":52}},"50":{"start":{"line":110,"column":33},"end":{"line":110,"column":52}},"51":{"start":{"line":111,"column":4},"end":{"line":111,"column":57}},"52":{"start":{"line":111,"column":34},"end":{"line":111,"column":57}},"53":{"start":{"line":112,"column":4},"end":{"line":112,"column":50}},"54":{"start":{"line":115,"column":12},"end":{"line":115,"column":49}},"55":{"start":{"line":116,"column":2},"end":{"line":116,"column":46}},"56":{"start":{"line":117,"column":2},"end":{"line":117,"column":55}},"57":{"start":{"line":118,"column":2},"end":{"line":118,"column":84}},"58":{"start":{"line":118,"column":26},"end":{"line":118,"column":70}},"59":{"start":{"line":119,"column":2},"end":{"line":119,"column":20}},"60":{"start":{"line":121,"column":2},"end":{"line":125,"column":3}},"61":{"start":{"line":122,"column":17},"end":{"line":122,"column":35}},"62":{"start":{"line":123,"column":17},"end":{"line":123,"column":58}},"63":{"start":{"line":123,"column":34},"end":{"line":123,"column":46}},"64":{"start":{"line":124,"column":4},"end":{"line":124,"column":68}},"65":{"start":{"line":127,"column":2},"end":{"line":127,"column":13}},"66":{"start":{"line":137,"column":12},"end":{"line":137,"column":52}},"67":{"start":{"line":138,"column":2},"end":{"line":138,"column":76}},"68":{"start":{"line":139,"column":2},"end":{"line":139,"column":33}},"69":{"start":{"line":141,"column":2},"end":{"line":148,"column":5}},"70":{"start":{"line":142,"column":4},"end":{"line":142,"column":54}},"71":{"start":{"line":143,"column":4},"end":{"line":143,"column":50}},"72":{"start":{"line":143,"column":18},"end":{"line":143,"column":50}},"73":{"start":{"line":144,"column":4},"end":{"line":144,"column":75}},"74":{"start":{"line":144,"column":26},"end":{"line":144,"column":75}},"75":{"start":{"line":145,"column":4},"end":{"line":145,"column":62}},"76":{"start":{"line":145,"column":22},"end":{"line":145,"column":62}},"77":{"start":{"line":146,"column":4},"end":{"line":146,"column":53}},"78":{"start":{"line":146,"column":19},"end":{"line":146,"column":53}},"79":{"start":{"line":147,"column":4},"end":{"line":147,"column":16}},"80":{"start":{"line":150,"column":2},"end":{"line":150,"column":13}},"81":{"start":{"line":161,"column":18},"end":{"line":161,"column":36}},"82":{"start":{"line":162,"column":14},"end":{"line":162,"column":46}},"83":{"start":{"line":163,"column":2},"end":{"line":163,"column":23}},"84":{"start":{"line":165,"column":19},"end":{"line":165,"column":41}},"85":{"start":{"line":166,"column":2},"end":{"line":166,"column":36}},"86":{"start":{"line":167,"column":2},"end":{"line":167,"column":32}},"87":{"start":{"line":169,"column":16},"end":{"line":169,"column":48}},"88":{"start":{"line":171,"column":2},"end":{"line":198,"column":3}},"89":{"start":{"line":172,"column":4},"end":{"line":172,"column":30}},"90":{"start":{"line":174,"column":20},"end":{"line":174,"column":41}},"91":{"start":{"line":175,"column":22},"end":{"line":175,"column":43}},"92":{"start":{"line":178,"column":4},"end":{"line":182,"column":7}},"93":{"start":{"line":179,"column":6},"end":{"line":179,"column":60}},"94":{"start":{"line":180,"column":6},"end":{"line":180,"column":85}},"95":{"start":{"line":181,"column":6},"end":{"line":181,"column":48}},"96":{"start":{"line":185,"column":4},"end":{"line":187,"column":5}},"97":{"start":{"line":186,"column":6},"end":{"line":186,"column":77}},"98":{"start":{"line":186,"column":36},"end":{"line":186,"column":74}},"99":{"start":{"line":190,"column":4},"end":{"line":197,"column":7}},"100":{"start":{"line":191,"column":19},"end":{"line":191,"column":21}},"101":{"start":{"line":192,"column":6},"end":{"line":195,"column":9}},"102":{"start":{"line":193,"column":20},"end":{"line":193,"column":62}},"103":{"start":{"line":194,"column":8},"end":{"line":194,"column":53}},"104":{"start":{"line":194,"column":26},"end":{"line":194,"column":53}},"105":{"start":{"line":196,"column":6},"end":{"line":196,"column":29}},"106":{"start":{"line":200,"column":18},"end":{"line":200,"column":88}},"107":{"start":{"line":201,"column":19},"end":{"line":201,"column":50}},"108":{"start":{"line":202,"column":19},"end":{"line":202,"column":43}},"109":{"start":{"line":203,"column":2},"end":{"line":203,"column":42}},"110":{"start":{"line":205,"column":2},"end":{"l
[...]
,"C:\\Users\\Hype\\OneDrive\\Desktop\\Kuliah\\Proyekan\\Bot scraping 3.0\\src\\utils\\text.js": {"path":"C:\\Users\\Hype\\OneDrive\\Desktop\\Kuliah\\Proyekan\\Bot scraping 3.0\\src\\utils\\text.js","statementMap":{"0":{"start":{"line":8,"column":25},"end":{"line":8,"column":35}},"1":{"start":{"line":10,"column":24},"end":{"line":13,"column":1}},"2":{"start":{"line":21,"column":2},"end":{"line":21,"column":54}},"3":{"start":{"line":21,"column":41},"end":{"line":21,"column":54}},"4":{"start":{"line":22,"column":18},"end":{"line":22,"column":29}},"5":{"start":{"line":23,"column":2},"end":{"line":23,"column":59}},"6":{"start":{"line":23,"column":36},"end":{"line":23,"column":57}},"7":{"start":{"line":33,"column":2},"end":{"line":33,"column":83}},"8":{"start":{"line":33,"column":41},"end":{"line":33,"column":83}},"9":{"start":{"line":34,"column":18},"end":{"line":34,"column":29}},"10":{"start":{"line":37,"column":16},"end":{"line":37,"column":23}},"11":{"start":{"line":38,"column":2},"end":{"line":43,"column":3}},"12":{"start":{"line":39,"column":4},"end":{"line":42,"column":5}},"13":{"start":{"line":40,"column":6},"end":{"line":40,"column":40}},"14":{"start":{"line":41,"column":6},"end":{"line":41,"column":12}},"15":{"start":{"line":45,"column":16},"end":{"line":45,"column":52}},"16":{"start":{"line":46,"column":18},"end":{"line":46,"column":53}},"17":{"start":{"line":47,"column":2},"end":{"line":47,"column":77}},"18":{"start":{"line":56,"column":2},"end":{"line":56,"column":54}},"19":{"start":{"line":56,"column":41},"end":{"line":56,"column":54}},"20":{"start":{"line":57,"column":16},"end":{"line":57,"column":41}},"21":{"start":{"line":59,"column":2},"end":{"line":59,"column":77}},"22":{"start":{"line":59,"column":35},"end":{"line":59,"column":75}},"23":{"start":{"line":68,"column":2},"end":{"line":68,"column":23}},"24":{"start":{"line":68,"column":13},"end":{"line":68,"column":23}},"25":{"start":{"line":69,"column":2},"end":{"line":69,"column":63}},"26":{"start":{"line":79,"column":2},"end":{"line":79,"column":51}},"27":{"start":{"line":79,"column":41},"end":{"line":79,"column":51}},"28":{"start":{"line":80,"column":2},"end":{"line":80,"column":41}},"29":{"start":{"line":80,"column":29},"end":{"line":80,"column":41}},"30":{"start":{"line":81,"column":2},"end":{"line":81,"column":43}},"31":{"start":{"line":84,"column":0},"end":{"line":84,"column":92}}},"fnMap":{"0":{"name":"startsWithCommand","decl":{"start":{"line":20,"column":9},"end":{"line":20,"column":26}},"loc":{"start":{"line":20,"column":33},"end":{"line":24,"column":1}},"line":20},"1":{"name":"(anonymous_1)","decl":{"start":{"line":23,"column":31},"end":{"line":23,"column":32}},"loc":{"start":{"line":23,"column":36},"end":{"line":23,"column":57}},"line":23},"2":{"name":"splitArgs","decl":{"start":{"line":32,"column":9},"end":{"line":32,"column":18}},"loc":{"start":{"line":32,"column":25},"end":{"line":48,"column":1}},"line":32},"3":{"name":"isWizardTrigger","decl":{"start":{"line":55,"column":9},"end":{"line":55,"column":24}},"loc":{"start":{"line":55,"column":31},"end":{"line":60,"column":1}},"line":55},"4":{"name":"(anonymous_4)","decl":{"start":{"line":59,"column":30},"end":{"line":59,"column":31}},"loc":{"start":{"line":59,"column":35},"end":{"line":59,"column":75}},"line":59},"5":{"name":"stripMentions","decl":{"start":{"line":67,"column":9},"end":{"line":67,"column":22}},"loc":{"start":{"line":67,"column":29},"end":{"line":70,"column":1}},"line":67},"6":{"name":"truncate","decl":{"start":{"line":78,"column":9},"end":{"line":78,"column":17}},"loc":{"start":{"line":78,"column":38},"end":{"line":82,"column":1}},"line":78}},"branchMap":{"0":{"loc":{"start":{"line":21,"column":2},"end":{"line":21,"column":54}},"type":"if","locations":[{"start":{"line":21,"column":2},"end":{"line":21,"column":54}},{"start":{},"end":{}}],"line":21},"1":{"loc":{"start":{"line":21,"column":6},"end":{"line":21,"column":39}},"type":"binary-expr","locations":[{"start":{"line":21,"column":6},"end":{"line":21,"column":11}},{"start":{"line":21,"column":15},"end":{"line":21,"column":39}}],"line":21},"2":{"loc":{"start":{"line":33,"column":2},"end":{"line":33,"column":83}},"type":"if","locations":[{"start":{"line":33,"column":2},"end":{"line":33,"column":83}},{"start":{},"end":{}}],"line":33},"3":{"loc":{"start":{"line":33,"column":6},"end":{"line":33,"column":39}},"type":"binary-expr","locations":[{"start":{"line":33,"column":6},"end":{"line":33,"column":11}},{"start":{"line":33,"column":15},"end":{"line":33,"column":39}}],"line":33},"4":{"loc":{"start":{"line":39,"column":4},"end":{"line":42,"column":5}},"type":"if","locations":[{"start":{"line":39,"column":4},"end":{"line":42,"column":5}},{"start":{},"end":{}}],"line":39},"5":{"loc":{"start":{"line":46,"column":19},"end":{"line":46,"column":38}},"type":"binary-expr","locations":[{"start":{"line":46,"column":19},"end":{"line":46,"column":32}},{"start":{"line":46,"column":36},"end":{"line":46,"column":38}}],"line":46},"6":{"loc":{"start":{"line":56,"column":2},"end":{"line":56,"column":54}},"type":"if","locations":[{"start":{"line":56,"column":2},"end":{"line":56,"column":54}},{"start":{},"end":{}}],"line":56},"7":{"loc":{"start":{"line":56,"column":6},"end":{"line":56,"column":39}},"type":"binary-expr","locations":[{"start":{"line":56,"column":6},"end":{"line":56,"column":11}},{"start":{"line":56,"column":15},"end":{"line":56,"column":39}}],"line":56},"8":{"loc":{"start":{"line":59,"column":35},"end":{"line":59,"column":75}},"type":"binary-expr","locations":[{"start":{"line":59,"column":35},"end":{"line":59,"column":46}},{"start":{"line":59,"column":50},"end":{"line":59,"column":75}}],"line":59},"9":{"loc":{"start":{"line":68,"column":2},"end":{"line":68,"column":23}},"type":"if","locations":[{"start":{"line":68,"column":2},"end":{"line":68,"column":23}},{"start":{},"end":{}}],"line":68},"10":{"loc":{"start":{"line":78,"column":24},"end":{"line":78,"column":36}},"type":"default-arg","locations":[{"start":{"line":78,"column":33},"end":{"line":78,"column":36}}],"line":78},"11":{"loc":{"start":{"line":79,"column":2},"end":{"line":79,"column":51}},"type":"if","locations":[{"start":{"line":79,"column":2},"end":{"line":79,"column":51}},{"start":{},"end":{}}],"line":79},"12":{"loc":{"start":{"line":79,"column":6},"end":{"line":79,"column":39}},"type":"binary-expr","locations":[{"start":{"line":79,"column":6},"end":{"line":79,"column":11}},{"start":{"line":79,"column":15},"end":{"line":79,"column":39}}],"line":79},"13":{"loc":{"start":{"line":80,"column":2},"end":{"line":80,"column":41}},"type":"if","locations":[{"start":{"line":80,"column":2},"end":{"line":80,"column":41}},{"start":{},"end":{}}],"line":80}},"s":{"0":1,"1":1,"2":10,"3":4,"4":6,"5":6,"6":9,"7":4,"8":1,"9":3,"10":3,"11":3,"12":4,"13":2,"14":2,"15":3,"16":3,"17":3,"18":19,"19":3,"20":16,"21":16,"22":88,"23":5,"24":2,"25":3,"26":6,"27":3,"28":3,"29":2,"30":1,"31":1},"f":{"0":10,"1":9,"2":4,"3":19,"4":88,"5":5,"6":6},"b":{"0":[4,6],"1":[10,7],"2":[1,3],"3":[4,3],"4":[2,2],"5":[3,0],"6":[3,16],"7":[19,16],"8":[88,78],"9":[2,3],"10":[3],"11":[3,3],"12":[6,4],"13":[2,1]},"_coverageSchema":"1a1c01bbd47fc00a2c39e90264f33305004495a9","hash":"583e90039fc97807bd900915bad1b3a857af73aa"}
,"C:\\Users\\Hype\\OneDrive\\Desktop\\Kuliah\\Proyekan\\Bot scraping 3.0\\src\\utils\\time.js": {"path":"C:\\Users\\Hype\\OneDrive\\Desktop\\Kuliah\\Proyekan\\Bot scraping 3.0\\src\\utils\\time.js","statementMap":{"0":{"start":{"line":13,"column":2},"end":{"line":13,"column":34}},"1":{"start":{"line":22,"column":2},"end":{"line":22,"column":21}},"2":{"start":{"line":22,"column":14},"end":{"line":22,"column":21}},"3":{"start":{"line":23,"column":2},"end":{"line":23,"column":46}},"4":{"start":{"line":23,"column":17},"end":{"line":23,"column":46}},"5":{"start":{"line":25,"column":18},"end":{"line":25,"column":39}},"6":{"start":{"line":26,"column":18},"end":{"line":26,"column":42}},"7":{"start":{"line":27,"column":16},"end":{"line":27,"column":40}},"8":{"start":{"line":29,"column":2},"end":{"line":32,"column":3}},"9":{"start":{"line":30,"column":22},"end":{"line":30,"column":34}},"10":{"start":{"line":31,"column":4},"end":{"line":31,"column":67}},"11":{"start":{"line":33,"column":2},"end":{"line":36,"column":3}},"12":{"start":{"line":34,"column":22},"end":{"line":34,"column":34}},"13":{"start":{"line":35,"column":4},"end":{"line":35,"column":71}},"14":{"start":{"line":37,"column":2},"end":{"line":37,"column":23}},"15":{"start":{"line":46,"column":2},"end":{"line":46,"column":55}},"16":{"start":{"line":46,"column":43},"end":{"line":46,"column":55}},"17":{"start":{"line":47,"column":14},"end":{"line":47,"column":40}},"18":{"start":{"line":50,"column":2},"end":{"line":50,"column":50}},"19":{"start":{"line":50,"column":23},"end":{"line":50,"column":50}},"20":{"start":{"line":51,"column":2},"end":{"line":51,"column":55}},"21":{"start":{"line":51,"column":24},"end":{"line":51,"column":55}},"22":{"start":{"line":52,"column":2},"end":{"line":52,"column":46}},"23":{"start":{"line":52,"column":24},"end":{"line":52,"column":46}},"24":{"start":{"line":55,"column":16},"end":{"line":55,"column":51}},"25":{"start":{"line":56,"column":2},"end":{"line":56,"column":26}},"26":{"start":{"line":56,"column":14},"end":{"line":56,"column":26}},"27":{"start":{"line":58,"column":16},"end":{"line":58,"column":38}},"28":{"start":{"line":59,"column":15},"end":{"line":59,"column":23}},"29":{"start":{"line":61,"column":22},"end":{"line":61,"column":75}},"30":{"start":{"line":62,"column":2},"end":{"line":62,"column":42}},"31":{"start":{"line":65,"column":0},"end":{"line":65,"column":55}}},"fnMap":{"0":{"name":"nowIso","decl":{"start":{"line":12,"column":9},"end":{"line":12,"column":15}},"loc":{"start":{"line":12,"column":18},"end":{"line":14,"column":1}},"line":12},"1":{"name":"formatDuration","decl":{"start":{"line":21,"column":9},"end":{"line":21,"column":23}},"loc":{"start":{"line":21,"column":28},"end":{"line":38,"column":1}},"line":21},"2":{"name":"parseTime","decl":{"start":{"line":45,"column":9},"end":{"line":45,"column":18}},"loc":{"start":{"line":45,"column":26},"end":{"line":63,"column":1}},"line":45}},"branchMap":{"0":{"loc":{"start":{"line":22,"column":2},"end":{"line":22,"column":21}},"type":"if","locations":[{"start":{"line":22,"column":2},"end":{"line":22,"column":21}},{"start":{},"end":{}}],"line":22},"1":{"loc":{"start":{"line":23,"column":2},"end":{"line":23,"column":46}},"type":"if","locations":[{"start":{"line":23,"column":2},"end":{"line":23,"column":46}},{"start":{},"end":{}}],"line":23},"2":{"loc":{"start":{"line":29,"column":2},"end":{"line":32,"column":3}},"type":"if","locations":[{"start":{"line":29,"column":2},"end":{"line":32,"column":3}},{"start":{},"end":{}}],"line":29},"3":{"loc":{"start":{"line":31,"column":11},"end":{"line":31,"column":66}},"type":"cond-expr","locations":[{"start":{"line":31,"column":27},"end":{"line":31,"column":52}},{"start":{"line":31,"column":55},"end":{"line":31,"column":66}}],"line":31},"4":{"loc":{"start":{"line":33,"column":2},"end":{"line":36,"column":3}},"type":"if","locations":[{"start":{"line":33,"column":2},"end":{"line":36,"column":3}},{"start":{},"end":{}}],"line":33},"5":{"loc":{"start":{"line":35,"column":11},"end":{"line":35,"column":70}},"type":"cond-expr","locations":[{"start":{"line":35,"column":27},"end":{"line":35,"column":54}},{"start":{"line":35,"column":57},"end":{"line":35,"column":70}}],"line":35},"6":{"loc":{"start":{"line":46,"column":2},"end":{"line":46,"column":55}},"type":"if","locations":[{"start":{"line":46,"column":2},"end":{"line":46,"column":55}},{"start":{},"end":{}}],"line":46},"7":{"loc":{"start":{"line":46,"column":6},"end":{"line":46,"column":41}},"type":"binary-expr","locations":[{"start":{"line":46,"column":6},"end":{"line":46,"column":12}},{"start":{"line":46,"column":16},"end":{"line":46,"column":41}}],"line":46},"8":{"loc":{"start":{"line":50,"column":2},"end":{"line":50,"column":50}},"type":"if","locations":[{"start":{"line":50,"column":2},"end":{"line":50,"column":50}},{"start":{},"end":{}}],"line":50},"9":{"loc":{"start":{"line":51,"column":2},"end":{"line":51,"column":55}},"type":"if","locations":[{"start":{"line":51,"column":2},"end":{"line":51,"column":55}},{"start":{},"end":{}}],"line":51},"10":{"loc":{"start":{"line":52,"column":2},"end":{"line":52,"column":46}},"type":"if","locations":[{"start":{"line":52,"column":2},"end":{"line":52,"column":46}},{"start":{},"end":{}}],"line":52},"11":{"loc":{"start":{"line":56,"column":2},"end":{"line":56,"column":26}},"type":"if","locations":[{"start":{"line":56,"column":2},"end":{"line":56,"column":26}},{"start":{},"end":{}}],"line":56},"12":{"loc":{"start":{"line":62,"column":18},"end":{"line":62,"column":40}},"type":"binary-expr","locations":[{"start":{"line":62,"column":18},"end":{"line":62,"column":35}},{"start":{"line":62,"column":39},"end":{"line":62,"column":40}}],"line":62}},"s":{"0":6,"1":11,"2":1,"3":11,"4":4,"5":7,"6":7,"7":7,"8":7,"9":2,"10":2,"11":5,"12":3,"13":3,"14":2,"15":21,"16":4,"17":17,"18":17,"19":2,"20":15,"21":1,"22":14,"23":2,"24":12,"25":12,"26":2,"27":10,"28":10,"29":10,"30":10,"31":2},"f":{"0":6,"1":11,"2":21},"b":{"0":[1,10],"1":[4,7],"2":[2,5],"3":[1,1],"4":[3,2],"5":[1,2],"6":[4,17],"7":[21,18],"8":[2,15],"9":[1,14],"10":[2,12],"11":[2,10],"12":[10,0]},"_coverageSchema":"1a1c01bbd47fc00a2c39e90264f33305004495a9","hash":"224283f6e03f200726b4c669d3c5053d342914e7"}
,"C:\\Users\\Hype\\OneDrive\\Desktop\\Kuliah\\Proyekan\\Bot scraping 3.0\\src\\utils\\validators.js": {"path":"C:\\Users\\Hype\\OneDrive\\Desktop\\Kuliah\\Proyekan\\Bot scraping 3.0\\src\\utils\\validators.js","statementMap":{"0":{"start":{"line":8,"column":15},"end":{"line":8,"column":35}},"1":{"start":{"line":11,"column":17},"end":{"line":16,"column":1}},"2":{"start":{"line":19,"column":19},"end":{"line":26,"column":1}},"3":{"start":{"line":29,"column":21},"end":{"line":32,"column":1}},"4":{"start":{"line":40,"column":2},"end":{"line":40,"column":60}},"5":{"start":{"line":40,"column":43},"end":{"line":40,"column":60}},"6":{"start":{"line":41,"column":14},"end":{"line":41,"column":40}},"7":{"start":{"line":42,"column":2},"end":{"line":42,"column":36}},"8":{"start":{"line":51,"column":2},"end":{"line":51,"column":78}},"9":{"start":{"line":51,"column":43},"end":{"line":51,"column":78}},"10":{"start":{"line":52,"column":14},"end":{"line":52,"column":40}},"11":{"start":{"line":53,"column":2},"end":{"line":53,"column":56}},"12":{"start":{"line":62,"column":2},"end":{"line":62,"column":57}},"13":{"start":{"line":62,"column":43},"end":{"line":62,"column":57}},"14":{"start":{"line":63,"column":14},"end":{"line":63,"column":40}},"15":{"start":{"line":64,"column":2},"end":{"line":64,"column":37}},"16":{"start":{"line":73,"column":23},"end":{"line":73,"column":55}},"17":{"start":{"line":74,"column":19},"end":{"line":74,"column":47}},"18":{"start":{"line":76,"column":2},"end":{"line":76,"column":81}},"19":{"start":{"line":76,"column":61},"end":{"line":76,"column":81}},"20":{"start":{"line":77,"column":12},"end":{"line":77,"column":39}},"21":{"start":{"line":78,"column":2},"end":{"line":78,"column":52}},"22":{"start":{"line":78,"column":32},"end":{"line":78,"column":52}},"23":{"start":{"line":79,"column":2},"end":{"line":79,"column":31}},"24":{"start":{"line":82,"column":0},"end":{"line":82,"column":83}}},"fnMap":{"0":{"name":"normalizeType","decl":{"start":{"line":39,"column":9},"end":{"line":39,"column":22}},"loc":{"start":{"line":39,"column":30},"end":{"line":43,"column":1}},"line":39},"1":{"name":"normalizeFormat","decl":{"start":{"line":50,"column":9},"end":{"line":50,"column":24}},"loc":{"start":{"line":50,"column":32},"end":{"line":54,"column":1}},"line":50},"2":{"name":"normalizeDelivery","decl":{"start":{"line":61,"column":9},"end":{"line":61,"column":26}},"loc":{"start":{"line":61,"column":34},"end":{"line":65,"column":1}},"line":61},"3":{"name":"parseLimit","decl":{"start":{"line":72,"column":9},"end":{"line":72,"column":19}},"loc":{"start":{"line":72,"column":27},"end":{"line":80,"column":1}},"line":72}},"branchMap":{"0":{"loc":{"start":{"line":40,"column":2},"end":{"line":40,"column":60}},"type":"if","locations":[{"start":{"line":40,"column":2},"end":{"line":40,"column":60}},{"start":{},"end":{}}],"line":40},"1":{"loc":{"start":{"line":40,"column":6},"end":{"line":40,"column":41}},"type":"binary-expr","locations":[{"start":{"line":40,"column":6},"end":{"line":40,"column":12}},{"start":{"line":40,"column":16},"end":{"line":40,"column":41}}],"line":40},"2":{"loc":{"start":{"line":42,"column":9},"end":{"line":42,"column":35}},"type":"binary-expr","locations":[{"start":{"line":42,"column":9},"end":{"line":42,"column":22}},{"start":{"line":42,"column":26},"end":{"line":42,"column":35}}],"line":42},"3":{"loc":{"start":{"line":51,"column":2},"end":{"line":51,"column":78}},"type":"if","locations":[{"start":{"line":51,"column":2},"end":{"line":51,"column":78}},{"start":{},"end":{}}],"line":51},"4":{"loc":{"start":{"line":51,"column":6},"end":{"line":51,"column":41}},"type":"binary-expr","locations":[{"start":{"line":51,"column":6},"end":{"line":51,"column":12}},{"start":{"line":51,"column":16},"end":{"line":51,"column":41}}],"line":51},"5":{"loc":{"start":{"line":53,"column":9},"end":{"line":53,"column":55}},"type":"binary-expr","locations":[{"start":{"line":53,"column":9},"end":{"line":53,"column":24}},{"start":{"line":53,"column":28},"end":{"line":53,"column":55}}],"line":53},"6":{"loc":{"start":{"line":62,"column":2},"end":{"line":62,"column":57}},"type":"if","locations":[{"start":{"line":62,"column":2},"end":{"line":62,"column":57}},{"start":{},"end":{}}],"line":62},"7":{"loc":{"start":{"line":62,"column":6},"end":{"line":62,"column":41}},"type":"binary-expr","locations":[{"start":{"line":62,"column":6},"end":{"line":62,"column":12}},{"start":{"line":62,"column":16},"end":{"line":62,"column":41}}],"line":62},"8":{"loc":{"start":{"line":64,"column":9},"end":{"line":64,"column":36}},"type":"binary-expr","locations":[{"start":{"line":64,"column":9},"end":{"line":64,"column":26}},{"start":{"line":64,"column":30},"end":{"line":64,"column":36}}],"line":64},"9":{"loc":{"start":{"line":76,"column":2},"end":{"line":76,"column":81}},"type":"if","locations":[{"start":{"line":76,"column":2},"end":{"line":76,"column":81}},{"start":{},"end":{}}],"line":76},"10":{"loc":{"start":{"line":76,"column":6},"end":{"line":76,"column":59}},"type":"binary-expr","locations":[{"start":{"line":76,"column":6},"end":{"line":76,"column":25}},{"start":{"line":76,"column":29},"end":{"line":76,"column":43}},{"start":{"line":76,"column":47},"end":{"line":76,"column":59}}],"line":76},"11":{"loc":{"start":{"line":78,"column":2},"end":{"line":78,"column":52}},"type":"if","locations":[{"start":{"line":78,"column":2},"end":{"line":78,"column":52}},{"start":{},"end":{}}],"line":78},"12":{"loc":{"start":{"line":78,"column":6},"end":{"line":78,"column":30}},"type":"binary-expr","locations":[{"start":{"line":78,"column":6},"end":{"line":78,"column":21}},{"start":{"line":78,"column":25},"end":{"line":78,"column":30}}],"line":78}},"s":{"0":3,"1":3,"2":3,"3":3,"4":13,"5":2,"6":11,"7":11,"8":7,"9":1,"10":6,"11":6,"12":10,"13":3,"14":7,"15":7,"16":10,"17":10,"18":10,"19":1,"20":9,"21":9,"22":3,"23":6,"24":3},"f":{"0":13,"1":7,"2":10,"3":10},"b":{"0":[2,11],"1":[13,11],"2":[11,2],"3":[1,6],"4":[7,6],"5":[6,1],"6":[3,7],"7":[10,8],"8":[7,1],"9":[1,9],"10":[10,10,9],"11":[3,6],"12":[9,8]},"_coverageSchema":"1a1c01bbd47fc00a2c39e90264f33305004495a9","hash":"2ee7e2850eaabf77875e057a6a8c0aec0de5b28d"}
}
