TN:
SF:src\config.js
FN:17,toBool
FN:28,toInt
FN:39,parseList
FN:41,(anonymous_3)
FN:50,parsePriorityList
FNF:5
FNH:4
FNDA:48,toBool
FNDA:144,toInt
FNDA:48,parseList
FNDA:0,(anonymous_3)
FNDA:12,parsePriorityList
DA:18,48
DA:19,0
DA:29,144
DA:30,0
DA:31,0
DA:40,48
DA:41,0
DA:51,12
DA:52,12
DA:57,12
DA:59,12
DA:161,12
DA:162,12
DA:163,12
DA:164,12
DA:165,12
DA:166,12
DA:167,12
DA:168,12
DA:169,12
DA:170,12
DA:171,12
DA:172,12
DA:173,12
DA:175,12
LF:25
LH:21
BRDA:17,0,0,0
BRDA:18,1,0,48
BRDA:18,1,1,0
BRDA:18,2,0,48
BRDA:18,2,1,0
BRDA:18,2,2,0
BRDA:29,3,0,144
BRDA:29,3,1,0
BRDA:29,4,0,144
BRDA:29,4,1,0
BRDA:29,4,2,0
BRDA:31,5,0,0
BRDA:31,5,1,0
BRDA:40,6,0,48
BRDA:40,6,1,0
BRDA:40,7,0,48
BRDA:40,7,1,0
BRDA:50,8,0,0
BRDA:52,9,0,0
BRDA:52,9,1,12
BRDA:61,10,0,12
BRDA:61,10,1,0
BRDA:62,11,0,12
BRDA:62,11,1,12
BRDA:63,12,0,12
BRDA:63,12,1,12
BRDA:64,13,0,12
BRDA:64,13,1,12
BRDA:67,14,0,12
BRDA:67,14,1,12
BRDA:68,15,0,12
BRDA:68,15,1,12
BRDA:69,16,0,12
BRDA:69,16,1,12
BRDA:70,17,0,12
BRDA:70,17,1,12
BRDA:71,18,0,12
BRDA:71,18,1,12
BRDA:72,19,0,12
BRDA:72,19,1,12
BRDA:73,20,0,12
BRDA:73,20,1,12
BRDA:96,21,0,12
BRDA:96,21,1,12
BRDA:102,22,0,12
BRDA:102,22,1,12
BRDA:103,23,0,12
BRDA:103,23,1,12
BRDA:106,24,0,12
BRDA:106,24,1,12
BRDA:107,25,0,12
BRDA:107,25,1,12
BRDA:110,26,0,12
BRDA:110,26,1,12
BRDA:111,27,0,12
BRDA:111,27,1,12
BRDA:114,28,0,12
BRDA:114,28,1,12
BRDA:115,29,0,12
BRDA:115,29,1,12
BRDA:121,30,0,12
BRDA:121,30,1,12
BRDA:122,31,0,12
BRDA:122,31,1,12
BRDA:123,32,0,12
BRDA:123,32,1,12
BRDA:124,33,0,12
BRDA:124,33,1,12
BRDA:125,34,0,12
BRDA:125,34,1,12
BRDA:126,35,0,12
BRDA:126,35,1,12
BRDA:127,36,0,12
BRDA:127,36,1,12
BRDA:128,37,0,12
BRDA:128,37,1,12
BRDA:129,38,0,12
BRDA:129,38,1,12
BRDA:130,39,0,12
BRDA:130,39,1,12
BRDA:131,40,0,12
BRDA:131,40,1,12
BRDA:132,41,0,12
BRDA:132,41,1,12
BRDA:133,42,0,12
BRDA:133,42,1,12
BRDA:134,43,0,12
BRDA:134,43,1,12
BRDA:135,44,0,12
BRDA:135,44,1,12
BRDA:140,45,0,12
BRDA:140,45,1,12
BRDA:154,46,0,12
BRDA:154,46,1,12
BRF:94
BRH:80
end_of_record
TN:
SF:src\bot\nlp\contextMemory.js
FN:42,startCleanup
FN:44,(anonymous_1)
FN:65,stopCleanup
FN:82,storeContext
FN:129,getContext
FN:147,clearContext
FN:157,size
FNF:7
FNH:7
FNDA:41,startCleanup
FNDA:1,(anonymous_1)
FNDA:21,stopCleanup
FNDA:38,storeContext
FNDA:14,getContext
FNDA:19,clearContext
FNDA:7,size
DA:9,1
DA:11,1
DA:14,1
DA:17,1
DA:20,1
DA:34,1
DA:37,1
DA:43,41
DA:44,12
DA:45,1
DA:46,1
DA:47,1
DA:48,9
DA:49,1
DA:50,1
DA:53,1
DA:54,1
DA:59,12
DA:66,21
DA:67,12
DA:68,12
DA:83,38
DA:85,37
DA:86,37
DA:87,11
DA:96,11
DA:100,37
DA:101,37
DA:102,37
DA:103,37
DA:106,37
DA:107,28
DA:113,28
DA:114,5
DA:118,37
DA:121,37
DA:130,14
DA:131,12
DA:132,12
DA:135,10
DA:136,1
DA:137,1
DA:140,9
DA:148,19
DA:149,17
DA:150,17
DA:158,7
DA:161,1
LF:48
LH:48
BRDA:43,0,0,29
BRDA:43,0,1,12
BRDA:48,1,0,1
BRDA:48,1,1,8
BRDA:53,2,0,1
BRDA:53,2,1,0
BRDA:59,3,0,12
BRDA:59,3,1,0
BRDA:66,4,0,12
BRDA:66,4,1,9
BRDA:83,5,0,1
BRDA:83,5,1,37
BRDA:86,6,0,11
BRDA:86,6,1,26
BRDA:100,7,0,7
BRDA:100,7,1,30
BRDA:101,8,0,1
BRDA:101,8,1,36
BRDA:102,9,0,1
BRDA:102,9,1,36
BRDA:103,10,0,1
BRDA:103,10,1,36
BRDA:106,11,0,28
BRDA:106,11,1,9
BRDA:108,12,0,28
BRDA:108,12,1,1
BRDA:109,13,0,28
BRDA:109,13,1,0
BRDA:113,14,0,5
BRDA:113,14,1,23
BRDA:130,15,0,2
BRDA:130,15,1,12
BRDA:132,16,0,2
BRDA:132,16,1,10
BRDA:135,17,0,1
BRDA:135,17,1,9
BRDA:148,18,0,2
BRDA:148,18,1,17
BRF:38
BRH:35
end_of_record
TN:
SF:src\bot\nlp\entityExtractor.js
FN:42,extractType
FN:57,extractLimit
FN:93,extractFormat
FN:111,extractIdentifier
FN:137,extractEntities
FN:161,(anonymous_5)
FNF:6
FNH:6
FNDA:6,extractType
FNDA:6,extractLimit
FNDA:6,extractFormat
FNDA:9,extractIdentifier
FNDA:8,extractEntities
FNDA:19,(anonymous_5)
DA:9,1
DA:10,1
DA:12,1
DA:18,1
DA:31,1
DA:43,6
DA:44,12
DA:45,12
DA:46,5
DA:49,1
DA:58,6
DA:59,6
DA:62,6
DA:63,6
DA:64,1
DA:65,1
DA:69,6
DA:70,5
DA:71,5
DA:72,1
DA:73,1
DA:77,6
DA:78,4
DA:79,4
DA:80,1
DA:81,1
DA:85,6
DA:94,6
DA:95,6
DA:97,6
DA:98,6
DA:99,1
DA:100,1
DA:103,6
DA:113,9
DA:114,9
DA:117,8
DA:118,8
DA:121,7
DA:122,7
DA:125,7
DA:126,7
DA:128,7
DA:138,8
DA:139,2
DA:143,6
DA:146,6
DA:149,6
DA:150,6
DA:151,6
DA:154,6
DA:157,6
DA:158,6
DA:161,6
DA:162,19
DA:163,19
DA:164,14
DA:165,9
DA:166,9
DA:169,6
DA:171,6
DA:173,6
DA:176,1
LF:63
LH:63
BRDA:45,0,0,5
BRDA:45,0,1,7
BRDA:63,1,0,1
BRDA:63,1,1,5
BRDA:69,2,0,5
BRDA:69,2,1,1
BRDA:71,3,0,1
BRDA:71,3,1,4
BRDA:77,4,0,4
BRDA:77,4,1,2
BRDA:79,5,0,1
BRDA:79,5,1,3
BRDA:85,6,0,3
BRDA:85,6,1,3
BRDA:98,7,0,1
BRDA:98,7,1,5
BRDA:114,8,0,1
BRDA:114,8,1,8
BRDA:118,9,0,1
BRDA:118,9,1,7
BRDA:122,10,0,0
BRDA:122,10,1,7
BRDA:126,11,0,0
BRDA:126,11,1,7
BRDA:138,12,0,2
BRDA:138,12,1,6
BRDA:138,13,0,8
BRDA:138,13,1,6
BRDA:158,14,0,6
BRDA:158,14,1,1
BRDA:163,15,0,5
BRDA:163,15,1,14
BRDA:164,16,0,5
BRDA:164,16,1,9
BRDA:165,17,0,0
BRDA:165,17,1,9
BRF:36
BRH:33
end_of_record
TN:
SF:src\bot\nlp\intentClassifier.js
FN:100,ruleBasedClassify
FN:124,classifyIntent
FNF:2
FNH:2
FNDA:11,ruleBasedClassify
FNDA:8,classifyIntent
DA:8,1
DA:10,1
DA:13,1
DA:26,1
DA:101,11
DA:102,3
DA:105,8
DA:107,8
DA:108,41
DA:109,186
DA:110,4
DA:115,4
DA:126,8
DA:128,8
DA:129,3
DA:133,3
DA:137,5
DA:139,1
DA:140,1
DA:141,1
DA:142,1
DA:151,4
DA:152,4
DA:153,4
DA:154,4
DA:155,3
DA:156,3
DA:162,1
DA:167,1
DA:170,1
LF:30
LH:30
BRDA:101,0,0,3
BRDA:101,0,1,8
BRDA:101,1,0,11
BRDA:101,1,1,8
BRDA:109,2,0,4
BRDA:109,2,1,182
BRDA:128,3,0,3
BRDA:128,3,1,5
BRDA:137,4,0,1
BRDA:137,4,1,4
BRDA:137,5,0,5
BRDA:137,5,1,1
BRDA:140,6,0,1
BRDA:140,6,1,0
BRDA:151,7,0,4
BRDA:151,7,1,0
BRDA:157,8,0,3
BRDA:157,8,1,0
BRDA:159,9,0,3
BRDA:159,9,1,2
BRF:20
BRH:17
end_of_record
TN:
SF:src\bot\wizard\wizardPrompts.js
FN:24,(anonymous_0)
FNF:1
FNH:1
FNDA:4,(anonymous_0)
DA:8,1
DA:10,1
DA:24,4
DA:31,1
LF:4
LH:4
BRF:0
BRH:0
end_of_record
TN:
SF:src\bot\wizard\wizardStateMachine.js
FN:26,start
FN:31,(anonymous_1)
FN:43,processInput
FN:112,isActive
FN:120,resetTimeout
FN:124,(anonymous_5)
FN:132,expire
FN:143,destroy
FNF:8
FNH:7
FNDA:10,start
FNDA:1,(anonymous_1)
FNDA:23,processInput
FNDA:4,isActive
FNDA:15,resetTimeout
FNDA:0,(anonymous_5)
FNDA:1,expire
FNDA:14,destroy
DA:9,1
DA:10,1
DA:11,1
DA:13,1
DA:16,1
DA:18,1
DA:19,1
DA:27,10
DA:31,1
DA:33,10
DA:34,10
DA:44,23
DA:45,23
DA:48,22
DA:49,22
DA:50,1
DA:51,1
DA:54,21
DA:57,21
DA:59,7
DA:60,7
DA:61,6
DA:62,6
DA:65,6
DA:66,6
DA:67,5
DA:68,5
DA:71,5
DA:72,5
DA:73,4
DA:74,4
DA:77,3
DA:78,3
DA:79,2
DA:80,1
DA:81,1
DA:84,1
DA:85,1
DA:86,1
DA:90,15
DA:91,15
DA:93,15
DA:94,15
DA:95,4
DA:96,4
DA:101,4
DA:104,11
DA:113,4
DA:121,15
DA:122,15
DA:123,15
DA:124,15
DA:133,1
DA:134,1
DA:135,1
DA:144,14
DA:145,14
DA:146,9
DA:147,9
DA:148,9
DA:152,1
LF:61
LH:61
BRDA:45,0,0,1
BRDA:45,0,1,22
BRDA:49,1,0,1
BRDA:49,1,1,21
BRDA:57,2,0,7
BRDA:57,2,1,6
BRDA:57,2,2,5
BRDA:57,2,3,3
BRDA:60,3,0,1
BRDA:60,3,1,6
BRDA:66,4,0,1
BRDA:66,4,1,5
BRDA:72,5,0,1
BRDA:72,5,1,4
BRDA:78,6,0,1
BRDA:78,6,1,2
BRDA:79,7,0,1
BRDA:79,7,1,1
BRDA:94,8,0,4
BRDA:94,8,1,11
BRDA:122,9,0,15
BRDA:122,9,1,0
BRDA:133,10,0,1
BRDA:133,10,1,0
BRDA:145,11,0,9
BRDA:145,11,1,5
BRF:26
BRH:24
end_of_record
TN:
SF:src\bot\wizard\wizardValidators.js
FN:15,validateKeyword
FN:26,validateType
FN:62,validateLimit
FN:76,validateConfirm
FNF:4
FNH:4
FNDA:7,validateKeyword
FNDA:6,validateType
FNDA:5,validateLimit
FNDA:3,validateConfirm
DA:8,1
DA:16,7
DA:17,7
DA:18,6
DA:27,6
DA:28,6
DA:30,6
DA:32,1
DA:33,1
DA:36,1
DA:37,1
DA:41,1
DA:42,0
DA:46,1
DA:52,1
DA:54,1
DA:63,5
DA:64,5
DA:66,4
DA:67,4
DA:68,3
DA:77,3
DA:78,3
DA:79,3
DA:81,3
DA:82,2
DA:83,1
DA:86,1
LF:28
LH:27
BRDA:16,0,0,7
BRDA:16,0,1,1
BRDA:17,1,0,1
BRDA:17,1,1,6
BRDA:17,2,0,7
BRDA:17,2,1,6
BRDA:27,3,0,6
BRDA:27,3,1,0
BRDA:30,4,0,5
BRDA:30,4,1,1
BRDA:33,5,0,0
BRDA:33,5,1,1
BRDA:41,6,0,0
BRDA:41,6,1,1
BRDA:41,7,0,1
BRDA:41,7,1,1
BRDA:41,7,2,1
BRDA:41,7,3,1
BRDA:52,8,0,0
BRDA:52,8,1,1
BRDA:63,9,0,5
BRDA:63,9,1,0
BRDA:64,10,0,1
BRDA:64,10,1,4
BRDA:64,11,0,5
BRDA:64,11,1,4
BRDA:64,11,2,4
BRDA:67,12,0,1
BRDA:67,12,1,3
BRDA:67,13,0,4
BRDA:67,13,1,4
BRDA:67,13,2,4
BRDA:77,14,0,3
BRDA:77,14,1,0
BRDA:81,15,0,1
BRDA:81,15,1,2
BRDA:82,16,0,1
BRDA:82,16,1,1
BRF:38
BRH:32
end_of_record
TN:
SF:src\jobs\jobSchemas.js
FN:53,createJobObject
FNF:1
FNH:1
FNDA:5,createJobObject
DA:8,1
DA:9,1
DA:12,1
DA:21,1
DA:27,1
DA:54,5
DA:55,5
DA:57,5
DA:98,1
LF:9
LH:9
BRDA:60,0,0,5
BRDA:60,0,1,4
BRDA:62,1,0,5
BRDA:62,1,1,1
BRDA:63,2,0,5
BRDA:63,2,1,4
BRDA:64,3,0,5
BRDA:64,3,1,4
BRDA:65,4,0,5
BRDA:65,4,1,4
BRDA:66,5,0,5
BRDA:66,5,1,5
BRDA:67,6,0,5
BRDA:67,6,1,5
BRDA:68,7,0,5
BRDA:68,7,1,5
BRDA:69,8,0,5
BRDA:69,8,1,5
BRDA:70,9,0,5
BRDA:70,9,1,4
BRDA:71,10,0,5
BRDA:71,10,1,5
BRDA:73,11,0,5
BRDA:73,11,1,5
BRDA:74,12,0,5
BRDA:74,12,1,5
BRF:26
BRH:26
end_of_record
TN:
SF:src\services\cache\index.js
FN:24,get
FN:42,set
FN:59,del
FN:68,has
FN:75,clear
FN:84,stats
FN:99,makeKey
FN:100,(anonymous_7)
FN:105,(anonymous_8)
FNF:9
FNH:9
FNDA:14,get
FNDA:517,set
FNDA:1,del
FNDA:6,has
FNDA:16,clear
FNDA:7,stats
FNDA:4,makeKey
FNDA:6,(anonymous_7)
FNDA:1,(anonymous_8)
DA:8,2
DA:9,2
DA:11,2
DA:14,2
DA:16,2
DA:17,2
DA:25,14
DA:26,14
DA:28,9
DA:29,2
DA:30,2
DA:33,7
DA:44,517
DA:45,1
DA:46,1
DA:49,517
DA:60,1
DA:69,6
DA:76,16
DA:77,16
DA:86,7
DA:87,7
DA:88,1004
DA:90,7
DA:100,6
DA:101,4
DA:105,2
DA:106,1
DA:107,1
DA:108,1
DA:109,1
DA:110,1
DA:111,1
DA:114,1
DA:117,2
LF:35
LH:35
BRDA:16,0,0,2
BRDA:16,0,1,0
BRDA:26,1,0,5
BRDA:26,1,1,9
BRDA:28,2,0,2
BRDA:28,2,1,7
BRDA:42,3,0,512
BRDA:44,4,0,1
BRDA:44,4,1,516
BRDA:88,5,0,1
BRDA:88,5,1,1003
BRDA:109,6,0,1
BRDA:109,6,1,0
BRDA:114,7,0,1
BRDA:114,7,1,0
BRF:15
BRH:12
end_of_record
TN:
SF:src\services\formatters\index.js
FN:22,toJson
FN:31,toCsv
FN:34,(anonymous_2)
FN:40,(anonymous_3)
FN:40,(anonymous_4)
FN:49,toTsv
FN:52,(anonymous_6)
FN:53,(anonymous_7)
FN:53,(anonymous_8)
FN:63,toHtml
FN:66,(anonymous_10)
FN:80,(anonymous_11)
FN:105,toSql
FN:108,(anonymous_13)
FN:118,(anonymous_14)
FN:123,(anonymous_15)
FN:136,toTxt
FN:141,(anonymous_17)
FN:160,toExcel
FN:178,(anonymous_19)
FN:186,(anonymous_20)
FN:190,(anonymous_21)
FN:192,(anonymous_22)
FN:216,formatAndSave
FNF:24
FNH:24
FNDA:4,toJson
FNDA:6,toCsv
FNDA:45,(anonymous_2)
FNDA:13,(anonymous_3)
FNDA:45,(anonymous_4)
FNDA:4,toTsv
FNDA:23,(anonymous_6)
FNDA:7,(anonymous_7)
FNDA:23,(anonymous_8)
FNDA:4,toHtml
FNDA:47,(anonymous_10)
FNDA:9,(anonymous_11)
FNDA:5,toSql
FNDA:26,(anonymous_13)
FNDA:12,(anonymous_14)
FNDA:26,(anonymous_15)
FNDA:4,toTxt
FNDA:10,(anonymous_17)
FNDA:7,toExcel
FNDA:24,(anonymous_19)
FNDA:64,(anonymous_20)
FNDA:24,(anonymous_21)
FNDA:88,(anonymous_22)
FNDA:10,formatAndSave
DA:8,2
DA:9,2
DA:10,2
DA:11,2
DA:12,2
DA:14,2
DA:23,4
DA:32,6
DA:33,5
DA:34,5
DA:35,45
DA:36,45
DA:40,45
DA:41,5
DA:50,4
DA:51,3
DA:52,23
DA:53,23
DA:54,3
DA:64,4
DA:65,3
DA:66,47
DA:68,3
DA:80,9
DA:82,3
DA:83,7
DA:84,7
DA:85,23
DA:86,23
DA:87,6
DA:89,17
DA:92,7
DA:95,3
DA:96,3
DA:106,5
DA:107,4
DA:108,4
DA:109,26
DA:110,25
DA:111,21
DA:112,19
DA:115,4
DA:116,4
DA:117,4
DA:118,12
DA:119,4
DA:121,4
DA:122,8
DA:123,26
DA:124,8
DA:127,4
DA:137,4
DA:138,4
DA:139,4
DA:141,4
DA:142,10
DA:143,10
DA:144,10
DA:145,10
DA:146,10
DA:147,10
DA:150,4
DA:161,7
DA:162,7
DA:163,7
DA:165,7
DA:166,7
DA:167,7
DA:169,7
DA:171,7
DA:172,1
DA:174,6
DA:175,6
DA:178,6
DA:179,24
DA:180,24
DA:181,24
DA:185,6
DA:186,64
DA:190,6
DA:191,24
DA:192,24
DA:193,88
DA:194,88
DA:196,24
DA:200,7
DA:201,7
DA:202,7
DA:203,7
DA:205,7
DA:206,7
DA:217,10
DA:218,10
DA:219,10
DA:220,10
DA:224,10
DA:226,2
DA:227,2
DA:228,2
DA:230,1
DA:231,1
DA:232,1
DA:234,1
DA:235,1
DA:236,1
DA:238,1
DA:239,1
DA:240,1
DA:242,1
DA:243,1
DA:244,1
DA:246,1
DA:249,3
DA:250,3
DA:251,3
DA:254,9
DA:255,9
DA:256,9
DA:258,9
DA:261,2
LF:120
LH:120
BRDA:22,0,0,1
BRDA:32,1,0,1
BRDA:32,1,1,5
BRDA:35,2,0,2
BRDA:35,2,1,43
BRDA:36,3,0,4
BRDA:36,3,1,41
BRDA:36,4,0,45
BRDA:36,4,1,41
BRDA:36,4,2,41
BRDA:50,5,0,1
BRDA:50,5,1,3
BRDA:52,6,0,1
BRDA:52,6,1,22
BRDA:63,7,0,3
BRDA:64,8,0,1
BRDA:64,8,1,3
BRDA:66,9,0,1
BRDA:66,9,1,46
BRDA:69,10,0,3
BRDA:69,10,1,2
BRDA:78,11,0,3
BRDA:78,11,1,2
BRDA:79,12,0,3
BRDA:79,12,1,2
BRDA:86,13,0,6
BRDA:86,13,1,17
BRDA:86,14,0,23
BRDA:86,14,1,19
BRDA:105,15,0,5
BRDA:106,16,0,1
BRDA:106,16,1,4
BRDA:109,17,0,1
BRDA:109,17,1,25
BRDA:110,18,0,4
BRDA:110,18,1,21
BRDA:111,19,0,2
BRDA:111,19,1,19
BRDA:111,20,0,1
BRDA:111,20,1,1
BRDA:136,21,0,2
BRDA:137,22,0,4
BRDA:137,22,1,2
BRDA:138,23,0,4
BRDA:138,23,1,3
BRDA:142,24,0,10
BRDA:142,24,1,1
BRDA:143,25,0,10
BRDA:143,25,1,0
BRDA:144,26,0,6
BRDA:144,26,1,4
BRDA:145,27,0,3
BRDA:145,27,1,7
BRDA:146,28,0,3
BRDA:146,28,1,7
BRDA:160,29,0,1
BRDA:162,30,0,7
BRDA:162,30,1,1
BRDA:171,31,0,1
BRDA:171,31,1,6
BRDA:186,32,0,62
BRDA:186,32,1,2
BRDA:193,33,0,85
BRDA:193,33,1,3
BRDA:194,34,0,20
BRDA:194,34,1,68
BRDA:200,35,0,7
BRDA:200,35,1,1
BRDA:216,36,0,1
BRDA:219,37,0,10
BRDA:219,37,1,1
BRDA:224,38,0,2
BRDA:224,38,1,1
BRDA:224,38,2,1
BRDA:224,38,3,1
BRDA:224,38,4,1
BRDA:224,38,5,1
BRDA:224,38,6,2
BRDA:224,38,7,3
BRF:79
BRH:78
end_of_record
TN:
SF:src\services\monitor\logger.js
FN:22,formatEntry
FN:34,createLogger
FN:41,log
FN:53,(anonymous_3)
FN:55,(anonymous_4)
FN:57,(anonymous_5)
FN:59,(anonymous_6)
FN:61,(anonymous_7)
FNF:8
FNH:8
FNDA:49,formatEntry
FNDA:14,createLogger
FNDA:106,log
FNDA:57,(anonymous_3)
FNDA:38,(anonymous_4)
FNDA:6,(anonymous_5)
FNDA:4,(anonymous_6)
FNDA:1,(anonymous_7)
DA:9,11
DA:11,11
DA:12,11
DA:23,49
DA:24,49
DA:25,49
DA:26,49
DA:42,106
DA:43,49
DA:44,49
DA:45,5
DA:47,44
DA:51,14
DA:53,57
DA:55,38
DA:57,6
DA:59,4
DA:61,1
DA:65,11
LF:19
LH:19
BRDA:12,0,0,11
BRDA:12,0,1,0
BRDA:25,1,0,7
BRDA:25,1,1,42
BRDA:42,2,0,57
BRDA:42,2,1,49
BRDA:44,3,0,5
BRDA:44,3,1,44
BRDA:44,4,0,49
BRDA:44,4,1,45
BRF:10
BRH:9
end_of_record
TN:
SF:src\services\resilience\circuitBreaker.js
FN:26,getCircuit
FN:43,isOpen
FN:66,recordSuccess
FN:79,recordFailure
FN:95,getAllStates
FN:107,reset
FNF:6
FNH:6
FNDA:34,getCircuit
FNDA:9,isOpen
FNDA:2,recordSuccess
FNDA:23,recordFailure
FNDA:3,getAllStates
FNDA:8,reset
DA:8,1
DA:9,1
DA:11,1
DA:14,1
DA:16,1
DA:17,1
DA:19,1
DA:27,34
DA:28,8
DA:35,34
DA:44,9
DA:46,9
DA:48,6
DA:50,5
DA:51,2
DA:52,2
DA:53,2
DA:55,3
DA:59,1
DA:67,2
DA:68,2
DA:69,1
DA:71,2
DA:72,2
DA:80,23
DA:81,23
DA:82,23
DA:84,23
DA:85,4
DA:86,4
DA:87,4
DA:96,3
DA:97,3
DA:98,5
DA:100,3
DA:108,8
DA:109,8
DA:112,1
LF:38
LH:38
BRDA:16,0,0,1
BRDA:16,0,1,0
BRDA:17,1,0,1
BRDA:17,1,1,0
BRDA:27,2,0,8
BRDA:27,2,1,26
BRDA:46,3,0,3
BRDA:46,3,1,6
BRDA:48,4,0,5
BRDA:48,4,1,1
BRDA:50,5,0,2
BRDA:50,5,1,3
BRDA:68,6,0,1
BRDA:68,6,1,1
BRDA:84,7,0,4
BRDA:84,7,1,19
BRF:16
BRH:14
end_of_record
TN:
SF:src\utils\errorMessages.js
FN:43,friendlyError
FNF:1
FNH:1
FNDA:9,friendlyError
DA:10,1
DA:44,9
DA:46,7
DA:47,7
DA:50,7
DA:51,2
DA:55,5
DA:56,5
DA:57,1
DA:61,4
DA:62,4
DA:63,63
DA:64,2
DA:69,2
DA:70,1
DA:73,1
DA:76,1
LF:17
LH:17
BRDA:44,0,0,2
BRDA:44,0,1,7
BRDA:46,1,0,1
BRDA:46,1,1,6
BRDA:46,2,0,6
BRDA:46,2,1,0
BRDA:47,3,0,6
BRDA:47,3,1,1
BRDA:47,4,0,6
BRDA:47,4,1,4
BRDA:47,4,2,4
BRDA:50,5,0,2
BRDA:50,5,1,5
BRDA:50,6,0,7
BRDA:50,6,1,2
BRDA:56,7,0,1
BRDA:56,7,1,4
BRDA:56,8,0,5
BRDA:56,8,1,1
BRDA:63,9,0,2
BRDA:63,9,1,61
BRDA:69,10,0,1
BRDA:69,10,1,1
BRF:23
BRH:22
end_of_record
TN:
SF:src\utils\fsUtil.js
FN:19,ensureDir
FN:34,writeJson
FN:50,writeFile
FN:65,readJson
FN:81,fileExists
FN:95,dirSize
FNF:6
FNH:6
FNDA:45,ensureDir
FNDA:4,writeJson
FNDA:14,writeFile
FNDA:4,readJson
FNDA:3,fileExists
FNDA:6,dirSize
DA:8,3
DA:9,3
DA:10,3
DA:12,3
DA:20,45
DA:21,45
DA:23,1
DA:24,1
DA:35,4
DA:36,4
DA:37,4
DA:39,1
DA:40,1
DA:51,14
DA:52,14
DA:53,14
DA:55,1
DA:56,1
DA:66,4
DA:67,4
DA:68,3
DA:70,2
DA:71,1
DA:72,1
DA:82,3
DA:83,3
DA:84,2
DA:86,1
DA:96,6
DA:97,6
DA:98,6
DA:99,4
DA:100,5
DA:101,5
DA:102,1
DA:104,4
DA:105,4
DA:109,2
DA:110,1
DA:113,6
DA:116,3
LF:41
LH:41
BRDA:70,0,0,1
BRDA:70,0,1,1
BRDA:101,1,0,1
BRDA:101,1,1,4
BRDA:109,2,0,1
BRDA:109,2,1,1
BRF:6
BRH:6
end_of_record
TN:
SF:src\utils\id.js
FN:15,generateJobId
FNF:1
FNH:1
FNDA:5,generateJobId
DA:8,1
DA:16,5
DA:17,5
DA:18,25
DA:20,5
DA:23,1
LF:6
LH:6
BRF:0
BRH:0
end_of_record
TN:
SF:src\utils\text.js
FN:20,startsWithCommand
FN:23,(anonymous_1)
FN:32,splitArgs
FN:55,isWizardTrigger
FN:59,(anonymous_4)
FN:67,stripMentions
FN:78,truncate
FNF:7
FNH:7
FNDA:10,startsWithCommand
FNDA:9,(anonymous_1)
FNDA:4,splitArgs
FNDA:19,isWizardTrigger
FNDA:88,(anonymous_4)
FNDA:5,stripMentions
FNDA:6,truncate
DA:8,1
DA:10,1
DA:21,10
DA:22,6
DA:23,9
DA:33,4
DA:34,3
DA:37,3
DA:38,3
DA:39,4
DA:40,2
DA:41,2
DA:45,3
DA:46,3
DA:47,3
DA:56,19
DA:57,16
DA:59,88
DA:68,5
DA:69,3
DA:79,6
DA:80,3
DA:81,1
DA:84,1
LF:24
LH:24
BRDA:21,0,0,4
BRDA:21,0,1,6
BRDA:21,1,0,10
BRDA:21,1,1,7
BRDA:33,2,0,1
BRDA:33,2,1,3
BRDA:33,3,0,4
BRDA:33,3,1,3
BRDA:39,4,0,2
BRDA:39,4,1,2
BRDA:46,5,0,3
BRDA:46,5,1,0
BRDA:56,6,0,3
BRDA:56,6,1,16
BRDA:56,7,0,19
BRDA:56,7,1,16
BRDA:59,8,0,88
BRDA:59,8,1,78
BRDA:68,9,0,2
BRDA:68,9,1,3
BRDA:78,10,0,3
BRDA:79,11,0,3
BRDA:79,11,1,3
BRDA:79,12,0,6
BRDA:79,12,1,4
BRDA:80,13,0,2
BRDA:80,13,1,1
BRF:27
BRH:26
end_of_record
TN:
SF:src\utils\time.js
FN:12,nowIso
FN:21,formatDuration
FN:45,parseTime
FNF:3
FNH:3
FNDA:6,nowIso
FNDA:11,formatDuration
FNDA:21,parseTime
DA:13,6
DA:22,11
DA:23,11
DA:25,7
DA:26,7
DA:27,7
DA:29,7
DA:30,2
DA:31,2
DA:33,5
DA:34,3
DA:35,3
DA:37,2
DA:46,21
DA:47,17
DA:50,17
DA:51,15
DA:52,14
DA:55,12
DA:56,12
DA:58,10
DA:59,10
DA:61,10
DA:62,10
DA:65,2
LF:25
LH:25
BRDA:22,0,0,1
BRDA:22,0,1,10
BRDA:23,1,0,4
BRDA:23,1,1,7
BRDA:29,2,0,2
BRDA:29,2,1,5
BRDA:31,3,0,1
BRDA:31,3,1,1
BRDA:33,4,0,3
BRDA:33,4,1,2
BRDA:35,5,0,1
BRDA:35,5,1,2
BRDA:46,6,0,4
BRDA:46,6,1,17
BRDA:46,7,0,21
BRDA:46,7,1,18
BRDA:50,8,0,2
BRDA:50,8,1,15
BRDA:51,9,0,1
BRDA:51,9,1,14
BRDA:52,10,0,2
BRDA:52,10,1,12
BRDA:56,11,0,2
BRDA:56,11,1,10
BRDA:62,12,0,10
BRDA:62,12,1,0
BRF:26
BRH:25
end_of_record
TN:
SF:src\utils\validators.js
FN:39,normalizeType
FN:50,normalizeFormat
FN:61,normalizeDelivery
FN:72,parseLimit
FNF:4
FNH:4
FNDA:13,normalizeType
FNDA:7,normalizeFormat
FNDA:10,normalizeDelivery
FNDA:10,parseLimit
DA:8,3
DA:11,3
DA:19,3
DA:29,3
DA:40,13
DA:41,11
DA:42,11
DA:51,7
DA:52,6
DA:53,6
DA:62,10
DA:63,7
DA:64,7
DA:73,10
DA:74,10
DA:76,10
DA:77,9
DA:78,9
DA:79,6
DA:82,3
LF:20
LH:20
BRDA:40,0,0,2
BRDA:40,0,1,11
BRDA:40,1,0,13
BRDA:40,1,1,11
BRDA:42,2,0,11
BRDA:42,2,1,2
BRDA:51,3,0,1
BRDA:51,3,1,6
BRDA:51,4,0,7
BRDA:51,4,1,6
BRDA:53,5,0,6
BRDA:53,5,1,1
BRDA:62,6,0,3
BRDA:62,6,1,7
BRDA:62,7,0,10
BRDA:62,7,1,8
BRDA:64,8,0,7
BRDA:64,8,1,1
BRDA:76,9,0,1
BRDA:76,9,1,9
BRDA:76,10,0,10
BRDA:76,10,1,10
BRDA:76,10,2,9
BRDA:78,11,0,3
BRDA:78,11,1,6
BRDA:78,12,0,9
BRDA:78,12,1,8
BRF:27
BRH:27
end_of_record
