TN:
SF:src\config.js
FN:17,toBool
FN:28,toInt
FN:39,parseList
FN:41,(anonymous_3)
FN:50,parsePriorityList
FNF:5
FNH:4
FNDA:40,toBool
FNDA:120,toInt
FNDA:40,parseList
FNDA:0,(anonymous_3)
FNDA:10,parsePriorityList
DA:18,40
DA:19,0
DA:29,120
DA:30,0
DA:31,0
DA:40,40
DA:41,0
DA:51,10
DA:52,10
DA:57,10
DA:59,10
DA:161,10
DA:162,10
DA:163,10
DA:164,10
DA:165,10
DA:166,10
DA:167,10
DA:168,10
DA:169,10
DA:170,10
DA:171,10
DA:172,10
DA:173,10
DA:175,10
LF:25
LH:21
BRDA:17,0,0,0
BRDA:18,1,0,40
BRDA:18,1,1,0
BRDA:18,2,0,40
BRDA:18,2,1,0
BRDA:18,2,2,0
BRDA:29,3,0,120
BRDA:29,3,1,0
BRDA:29,4,0,120
BRDA:29,4,1,0
BRDA:29,4,2,0
BRDA:31,5,0,0
BRDA:31,5,1,0
BRDA:40,6,0,40
BRDA:40,6,1,0
BRDA:40,7,0,40
BRDA:40,7,1,0
BRDA:50,8,0,0
BRDA:52,9,0,0
BRDA:52,9,1,10
BRDA:61,10,0,10
BRDA:61,10,1,0
BRDA:62,11,0,10
BRDA:62,11,1,10
BRDA:63,12,0,10
BRDA:63,12,1,10
BRDA:64,13,0,10
BRDA:64,13,1,10
BRDA:67,14,0,10
BRDA:67,14,1,10
BRDA:68,15,0,10
BRDA:68,15,1,10
BRDA:69,16,0,10
BRDA:69,16,1,10
BRDA:70,17,0,10
BRDA:70,17,1,10
BRDA:71,18,0,10
BRDA:71,18,1,10
BRDA:72,19,0,10
BRDA:72,19,1,10
BRDA:73,20,0,10
BRDA:73,20,1,10
BRDA:96,21,0,10
BRDA:96,21,1,10
BRDA:102,22,0,10
BRDA:102,22,1,10
BRDA:103,23,0,10
BRDA:103,23,1,10
BRDA:106,24,0,10
BRDA:106,24,1,10
BRDA:107,25,0,10
BRDA:107,25,1,10
BRDA:110,26,0,10
BRDA:110,26,1,10
BRDA:111,27,0,10
BRDA:111,27,1,10
BRDA:114,28,0,10
BRDA:114,28,1,10
BRDA:115,29,0,10
BRDA:115,29,1,10
BRDA:121,30,0,10
BRDA:121,30,1,10
BRDA:122,31,0,10
BRDA:122,31,1,10
BRDA:123,32,0,10
BRDA:123,32,1,10
BRDA:124,33,0,10
BRDA:124,33,1,10
BRDA:125,34,0,10
BRDA:125,34,1,10
BRDA:126,35,0,10
BRDA:126,35,1,10
BRDA:127,36,0,10
BRDA:127,36,1,10
BRDA:128,37,0,10
BRDA:128,37,1,10
BRDA:129,38,0,10
BRDA:129,38,1,10
BRDA:130,39,0,10
BRDA:130,39,1,10
BRDA:131,40,0,10
BRDA:131,40,1,10
BRDA:132,41,0,10
BRDA:132,41,1,10
BRDA:133,42,0,10
BRDA:133,42,1,10
BRDA:134,43,0,10
BRDA:134,43,1,10
BRDA:135,44,0,10
BRDA:135,44,1,10
BRDA:140,45,0,10
BRDA:140,45,1,10
BRDA:154,46,0,10
BRDA:154,46,1,10
BRF:94
BRH:80
end_of_record
TN:
SF:src\bot\nlp\contextMemory.js
FN:42,startCleanup
FN:44,(anonymous_1)
FN:65,stopCleanup
FN:82,storeContext
FN:129,getContext
FN:147,clearContext
FN:157,size
FNF:7
FNH:6
FNDA:39,startCleanup
FNDA:0,(anonymous_1)
FNDA:18,stopCleanup
FNDA:37,storeContext
FNDA:13,getContext
FNDA:18,clearContext
FNDA:4,size
DA:9,1
DA:11,1
DA:14,1
DA:17,1
DA:20,1
DA:34,1
DA:37,1
DA:43,39
DA:44,11
DA:45,0
DA:46,0
DA:47,0
DA:48,0
DA:49,0
DA:50,0
DA:53,0
DA:54,0
DA:59,11
DA:66,18
DA:67,11
DA:68,11
DA:83,37
DA:85,36
DA:86,36
DA:87,10
DA:96,10
DA:100,36
DA:101,36
DA:102,36
DA:103,36
DA:106,36
DA:107,28
DA:113,28
DA:114,5
DA:118,36
DA:121,36
DA:130,13
DA:131,11
DA:132,11
DA:135,9
DA:136,1
DA:137,1
DA:140,8
DA:148,18
DA:149,16
DA:150,16
DA:158,4
DA:161,1
LF:48
LH:40
BRDA:43,0,0,28
BRDA:43,0,1,11
BRDA:48,1,0,0
BRDA:48,1,1,0
BRDA:53,2,0,0
BRDA:53,2,1,0
BRDA:59,3,0,11
BRDA:59,3,1,0
BRDA:66,4,0,11
BRDA:66,4,1,7
BRDA:83,5,0,1
BRDA:83,5,1,36
BRDA:86,6,0,10
BRDA:86,6,1,26
BRDA:100,7,0,6
BRDA:100,7,1,30
BRDA:101,8,0,1
BRDA:101,8,1,35
BRDA:102,9,0,1
BRDA:102,9,1,35
BRDA:103,10,0,1
BRDA:103,10,1,35
BRDA:106,11,0,28
BRDA:106,11,1,8
BRDA:108,12,0,28
BRDA:108,12,1,1
BRDA:109,13,0,28
BRDA:109,13,1,0
BRDA:113,14,0,5
BRDA:113,14,1,23
BRDA:130,15,0,2
BRDA:130,15,1,11
BRDA:132,16,0,2
BRDA:132,16,1,9
BRDA:135,17,0,1
BRDA:135,17,1,8
BRDA:148,18,0,2
BRDA:148,18,1,16
BRF:38
BRH:32
end_of_record
TN:
SF:src\bot\nlp\entityExtractor.js
FN:42,extractType
FN:57,extractLimit
FN:93,extractFormat
FN:111,extractIdentifier
FN:137,extractEntities
FN:161,(anonymous_5)
FNF:6
FNH:6
FNDA:3,extractType
FNDA:3,extractLimit
FNDA:3,extractFormat
FNDA:6,extractIdentifier
FNDA:3,extractEntities
FNDA:12,(anonymous_5)
DA:9,1
DA:10,1
DA:12,1
DA:18,1
DA:31,1
DA:43,3
DA:44,7
DA:45,7
DA:46,3
DA:49,0
DA:58,3
DA:59,3
DA:62,3
DA:63,3
DA:64,0
DA:65,0
DA:69,3
DA:70,3
DA:71,3
DA:72,0
DA:73,0
DA:77,3
DA:78,3
DA:79,3
DA:80,0
DA:81,0
DA:85,3
DA:94,3
DA:95,3
DA:97,3
DA:98,3
DA:99,0
DA:100,0
DA:103,3
DA:113,6
DA:114,6
DA:117,5
DA:118,5
DA:121,4
DA:122,4
DA:125,4
DA:126,4
DA:128,4
DA:138,3
DA:139,0
DA:143,3
DA:146,3
DA:149,3
DA:150,3
DA:151,3
DA:154,3
DA:157,3
DA:158,3
DA:161,3
DA:162,12
DA:163,12
DA:164,9
DA:165,6
DA:166,6
DA:169,3
DA:171,3
DA:173,3
DA:176,1
LF:63
LH:53
BRDA:45,0,0,3
BRDA:45,0,1,4
BRDA:63,1,0,0
BRDA:63,1,1,3
BRDA:69,2,0,3
BRDA:69,2,1,0
BRDA:71,3,0,0
BRDA:71,3,1,3
BRDA:77,4,0,3
BRDA:77,4,1,0
BRDA:79,5,0,0
BRDA:79,5,1,3
BRDA:85,6,0,0
BRDA:85,6,1,3
BRDA:98,7,0,0
BRDA:98,7,1,3
BRDA:114,8,0,1
BRDA:114,8,1,5
BRDA:118,9,0,1
BRDA:118,9,1,4
BRDA:122,10,0,0
BRDA:122,10,1,4
BRDA:126,11,0,0
BRDA:126,11,1,4
BRDA:138,12,0,0
BRDA:138,12,1,3
BRDA:138,13,0,3
BRDA:138,13,1,3
BRDA:158,14,0,3
BRDA:158,14,1,0
BRDA:163,15,0,3
BRDA:163,15,1,9
BRDA:164,16,0,3
BRDA:164,16,1,6
BRDA:165,17,0,0
BRDA:165,17,1,6
BRF:36
BRH:24
end_of_record
TN:
SF:src\bot\nlp\intentClassifier.js
FN:100,ruleBasedClassify
FN:124,classifyIntent
FNF:2
FNH:2
FNDA:4,ruleBasedClassify
FNDA:4,classifyIntent
DA:8,1
DA:10,1
DA:13,1
DA:26,1
DA:101,4
DA:102,0
DA:105,4
DA:107,4
DA:108,17
DA:109,58
DA:110,4
DA:115,0
DA:126,4
DA:128,4
DA:129,3
DA:133,3
DA:137,1
DA:139,0
DA:140,0
DA:141,0
DA:142,0
DA:151,1
DA:152,1
DA:153,1
DA:154,1
DA:155,1
DA:156,1
DA:162,0
DA:167,0
DA:170,1
LF:30
LH:22
BRDA:101,0,0,0
BRDA:101,0,1,4
BRDA:101,1,0,4
BRDA:101,1,1,4
BRDA:109,2,0,4
BRDA:109,2,1,54
BRDA:128,3,0,3
BRDA:128,3,1,1
BRDA:137,4,0,0
BRDA:137,4,1,1
BRDA:137,5,0,1
BRDA:137,5,1,0
BRDA:140,6,0,0
BRDA:140,6,1,0
BRDA:151,7,0,1
BRDA:151,7,1,0
BRDA:157,8,0,1
BRDA:157,8,1,0
BRDA:159,9,0,1
BRDA:159,9,1,1
BRF:20
BRH:13
end_of_record
TN:
SF:src\bot\wizard\wizardPrompts.js
FN:24,(anonymous_0)
FNF:1
FNH:1
FNDA:2,(anonymous_0)
DA:8,1
DA:10,1
DA:24,2
DA:31,1
LF:4
LH:4
BRF:0
BRH:0
end_of_record
TN:
SF:src\bot\wizard\wizardStateMachine.js
FN:26,start
FN:31,(anonymous_1)
FN:43,processInput
FN:120,isActive
FN:128,resetTimeout
FN:132,(anonymous_5)
FN:140,expire
FN:151,destroy
FNF:8
FNH:5
FNDA:5,start
FNDA:0,(anonymous_1)
FNDA:9,processInput
FNDA:2,isActive
FNDA:6,resetTimeout
FNDA:0,(anonymous_5)
FNDA:0,expire
FNDA:7,destroy
DA:9,1
DA:10,1
DA:11,1
DA:13,1
DA:16,1
DA:18,1
DA:19,1
DA:27,5
DA:31,0
DA:33,5
DA:34,5
DA:44,9
DA:45,9
DA:48,9
DA:49,9
DA:50,1
DA:51,1
DA:54,8
DA:57,8
DA:59,3
DA:60,3
DA:61,2
DA:62,2
DA:65,2
DA:66,2
DA:67,2
DA:68,2
DA:71,2
DA:72,2
DA:73,2
DA:74,2
DA:77,1
DA:78,1
DA:79,1
DA:80,0
DA:81,0
DA:84,1
DA:85,1
DA:86,1
DA:90,6
DA:91,6
DA:94,6
DA:96,0
DA:97,0
DA:98,0
DA:101,6
DA:102,6
DA:103,2
DA:104,2
DA:109,2
DA:112,4
DA:121,2
DA:129,6
DA:130,6
DA:131,6
DA:132,6
DA:141,0
DA:142,0
DA:143,0
DA:152,7
DA:153,7
DA:154,5
DA:155,5
DA:156,5
DA:160,1
LF:65
LH:56
BRDA:45,0,0,0
BRDA:45,0,1,9
BRDA:49,1,0,1
BRDA:49,1,1,8
BRDA:57,2,0,3
BRDA:57,2,1,2
BRDA:57,2,2,2
BRDA:57,2,3,1
BRDA:60,3,0,1
BRDA:60,3,1,2
BRDA:66,4,0,0
BRDA:66,4,1,2
BRDA:72,5,0,0
BRDA:72,5,1,2
BRDA:78,6,0,0
BRDA:78,6,1,1
BRDA:79,7,0,0
BRDA:79,7,1,1
BRDA:94,8,0,0
BRDA:94,8,1,6
BRDA:102,9,0,2
BRDA:102,9,1,4
BRDA:106,10,0,2
BRDA:106,10,1,0
BRDA:130,11,0,6
BRDA:130,11,1,0
BRDA:141,12,0,0
BRDA:141,12,1,0
BRDA:153,13,0,5
BRDA:153,13,1,2
BRF:30
BRH:20
end_of_record
TN:
SF:src\bot\wizard\wizardValidators.js
FN:15,validateKeyword
FN:26,validateType
FN:41,validateLimit
FN:55,validateConfirm
FNF:4
FNH:4
FNDA:3,validateKeyword
FNDA:2,validateType
FNDA:2,validateLimit
FNDA:1,validateConfirm
DA:8,1
DA:16,3
DA:17,3
DA:18,2
DA:27,2
DA:28,2
DA:29,2
DA:31,2
DA:32,2
DA:33,0
DA:42,2
DA:43,2
DA:45,1
DA:46,1
DA:47,1
DA:56,1
DA:57,1
DA:58,1
DA:60,1
DA:61,0
DA:62,0
DA:65,1
LF:22
LH:19
BRDA:16,0,0,3
BRDA:16,0,1,1
BRDA:17,1,0,1
BRDA:17,1,1,2
BRDA:17,2,0,3
BRDA:17,2,1,2
BRDA:27,3,0,2
BRDA:27,3,1,0
BRDA:29,4,0,2
BRDA:29,4,1,0
BRDA:32,5,0,2
BRDA:32,5,1,0
BRDA:42,6,0,2
BRDA:42,6,1,0
BRDA:43,7,0,1
BRDA:43,7,1,1
BRDA:43,8,0,2
BRDA:43,8,1,1
BRDA:43,8,2,1
BRDA:46,9,0,0
BRDA:46,9,1,1
BRDA:46,10,0,1
BRDA:46,10,1,1
BRDA:46,10,2,1
BRDA:56,11,0,1
BRDA:56,11,1,0
BRDA:60,12,0,1
BRDA:60,12,1,0
BRDA:61,13,0,0
BRDA:61,13,1,0
BRF:30
BRH:21
end_of_record
TN:
SF:src\jobs\jobSchemas.js
FN:53,createJobObject
FNF:1
FNH:1
FNDA:4,createJobObject
DA:8,1
DA:9,1
DA:12,1
DA:21,1
DA:27,1
DA:54,4
DA:55,4
DA:57,4
DA:98,1
LF:9
LH:9
BRDA:60,0,0,4
BRDA:60,0,1,3
BRDA:62,1,0,4
BRDA:62,1,1,0
BRDA:63,2,0,4
BRDA:63,2,1,3
BRDA:64,3,0,4
BRDA:64,3,1,3
BRDA:65,4,0,4
BRDA:65,4,1,3
BRDA:66,5,0,4
BRDA:66,5,1,4
BRDA:67,6,0,4
BRDA:67,6,1,4
BRDA:68,7,0,4
BRDA:68,7,1,4
BRDA:69,8,0,4
BRDA:69,8,1,4
BRDA:70,9,0,4
BRDA:70,9,1,3
BRDA:71,10,0,4
BRDA:71,10,1,4
BRDA:73,11,0,4
BRDA:73,11,1,4
BRDA:74,12,0,4
BRDA:74,12,1,4
BRF:26
BRH:25
end_of_record
TN:
SF:src\services\cache\index.js
FN:24,get
FN:42,set
FN:59,del
FN:68,has
FN:75,clear
FN:84,stats
FN:99,makeKey
FN:100,(anonymous_7)
FN:105,(anonymous_8)
FNF:9
FNH:8
FNDA:11,get
FNDA:15,set
FNDA:1,del
FNDA:3,has
FNDA:14,clear
FNDA:3,stats
FNDA:4,makeKey
FNDA:6,(anonymous_7)
FNDA:0,(anonymous_8)
DA:8,1
DA:9,1
DA:11,1
DA:14,1
DA:16,1
DA:17,1
DA:25,11
DA:26,11
DA:28,7
DA:29,2
DA:30,2
DA:33,5
DA:44,15
DA:45,0
DA:46,0
DA:49,15
DA:60,1
DA:69,3
DA:76,14
DA:77,14
DA:86,3
DA:87,3
DA:88,4
DA:90,3
DA:100,6
DA:101,4
DA:105,1
DA:106,0
DA:107,0
DA:108,0
DA:109,0
DA:110,0
DA:111,0
DA:114,0
DA:117,1
LF:35
LH:26
BRDA:16,0,0,1
BRDA:16,0,1,0
BRDA:26,1,0,4
BRDA:26,1,1,7
BRDA:28,2,0,2
BRDA:28,2,1,5
BRDA:42,3,0,11
BRDA:44,4,0,0
BRDA:44,4,1,15
BRDA:88,5,0,1
BRDA:88,5,1,3
BRDA:109,6,0,0
BRDA:109,6,1,0
BRDA:114,7,0,0
BRDA:114,7,1,0
BRF:15
BRH:9
end_of_record
TN:
SF:src\services\formatters\index.js
FN:22,toJson
FN:31,toCsv
FN:34,(anonymous_2)
FN:40,(anonymous_3)
FN:40,(anonymous_4)
FN:49,toTsv
FN:52,(anonymous_6)
FN:53,(anonymous_7)
FN:53,(anonymous_8)
FN:63,toHtml
FN:66,(anonymous_10)
FN:80,(anonymous_11)
FN:105,toSql
FN:108,(anonymous_13)
FN:118,(anonymous_14)
FN:123,(anonymous_15)
FN:136,toTxt
FN:141,(anonymous_17)
FN:160,toExcel
FN:178,(anonymous_19)
FN:186,(anonymous_20)
FN:190,(anonymous_21)
FN:192,(anonymous_22)
FN:216,formatAndSave
FNF:24
FNH:24
FNDA:3,toJson
FNDA:5,toCsv
FNDA:42,(anonymous_2)
FNDA:12,(anonymous_3)
FNDA:42,(anonymous_4)
FNDA:2,toTsv
FNDA:21,(anonymous_6)
FNDA:6,(anonymous_7)
FNDA:21,(anonymous_8)
FNDA:3,toHtml
FNDA:40,(anonymous_10)
FNDA:7,(anonymous_11)
FNDA:3,toSql
FNDA:22,(anonymous_13)
FNDA:8,(anonymous_14)
FNDA:22,(anonymous_15)
FNDA:2,toTxt
FNDA:6,(anonymous_17)
FNDA:6,toExcel
FNDA:20,(anonymous_19)
FNDA:60,(anonymous_20)
FNDA:20,(anonymous_21)
FNDA:80,(anonymous_22)
FNDA:9,formatAndSave
DA:8,2
DA:9,2
DA:10,2
DA:11,2
DA:12,2
DA:14,2
DA:23,3
DA:32,5
DA:33,4
DA:34,4
DA:35,42
DA:36,42
DA:40,42
DA:41,4
DA:50,2
DA:51,2
DA:52,21
DA:53,21
DA:54,2
DA:64,3
DA:65,2
DA:66,40
DA:68,2
DA:80,7
DA:82,2
DA:83,6
DA:84,6
DA:85,21
DA:86,21
DA:87,6
DA:89,15
DA:92,6
DA:95,2
DA:96,2
DA:106,3
DA:107,3
DA:108,3
DA:109,22
DA:110,22
DA:111,19
DA:112,19
DA:115,3
DA:116,3
DA:117,3
DA:118,8
DA:119,3
DA:121,3
DA:122,7
DA:123,22
DA:124,7
DA:127,3
DA:137,2
DA:138,2
DA:139,2
DA:141,2
DA:142,6
DA:143,6
DA:144,6
DA:145,6
DA:146,6
DA:147,6
DA:150,2
DA:161,6
DA:162,6
DA:163,6
DA:165,6
DA:166,6
DA:167,6
DA:169,6
DA:171,6
DA:172,1
DA:174,5
DA:175,5
DA:178,5
DA:179,20
DA:180,20
DA:181,20
DA:185,5
DA:186,60
DA:190,5
DA:191,20
DA:192,20
DA:193,80
DA:194,80
DA:196,20
DA:200,6
DA:201,6
DA:202,6
DA:203,6
DA:205,6
DA:206,6
DA:217,9
DA:218,9
DA:219,9
DA:220,9
DA:224,9
DA:226,2
DA:227,2
DA:228,2
DA:230,1
DA:231,1
DA:232,1
DA:234,1
DA:235,1
DA:236,1
DA:238,1
DA:239,1
DA:240,1
DA:242,1
DA:243,1
DA:244,1
DA:246,1
DA:249,2
DA:250,2
DA:251,2
DA:254,8
DA:255,8
DA:256,8
DA:258,8
DA:261,2
LF:120
LH:120
BRDA:22,0,0,1
BRDA:32,1,0,1
BRDA:32,1,1,4
BRDA:35,2,0,0
BRDA:35,2,1,42
BRDA:36,3,0,4
BRDA:36,3,1,38
BRDA:36,4,0,42
BRDA:36,4,1,38
BRDA:36,4,2,38
BRDA:50,5,0,0
BRDA:50,5,1,2
BRDA:52,6,0,0
BRDA:52,6,1,21
BRDA:63,7,0,2
BRDA:64,8,0,1
BRDA:64,8,1,2
BRDA:66,9,0,0
BRDA:66,9,1,40
BRDA:69,10,0,2
BRDA:69,10,1,1
BRDA:78,11,0,2
BRDA:78,11,1,1
BRDA:79,12,0,2
BRDA:79,12,1,1
BRDA:86,13,0,6
BRDA:86,13,1,15
BRDA:86,14,0,21
BRDA:86,14,1,18
BRDA:105,15,0,3
BRDA:106,16,0,0
BRDA:106,16,1,3
BRDA:109,17,0,0
BRDA:109,17,1,22
BRDA:110,18,0,3
BRDA:110,18,1,19
BRDA:111,19,0,0
BRDA:111,19,1,19
BRDA:111,20,0,0
BRDA:111,20,1,0
BRDA:136,21,0,0
BRDA:137,22,0,2
BRDA:137,22,1,0
BRDA:138,23,0,2
BRDA:138,23,1,1
BRDA:142,24,0,6
BRDA:142,24,1,0
BRDA:143,25,0,6
BRDA:143,25,1,0
BRDA:144,26,0,3
BRDA:144,26,1,3
BRDA:145,27,0,3
BRDA:145,27,1,3
BRDA:146,28,0,3
BRDA:146,28,1,3
BRDA:160,29,0,0
BRDA:162,30,0,6
BRDA:162,30,1,1
BRDA:171,31,0,1
BRDA:171,31,1,5
BRDA:186,32,0,60
BRDA:186,32,1,0
BRDA:193,33,0,80
BRDA:193,33,1,0
BRDA:194,34,0,20
BRDA:194,34,1,60
BRDA:200,35,0,6
BRDA:200,35,1,0
BRDA:216,36,0,0
BRDA:219,37,0,9
BRDA:219,37,1,0
BRDA:224,38,0,2
BRDA:224,38,1,1
BRDA:224,38,2,1
BRDA:224,38,3,1
BRDA:224,38,4,1
BRDA:224,38,5,1
BRDA:224,38,6,1
BRDA:224,38,7,2
BRF:79
BRH:60
end_of_record
TN:
SF:src\services\monitor\logger.js
FN:22,formatEntry
FN:34,createLogger
FN:41,log
FN:53,(anonymous_3)
FN:55,(anonymous_4)
FN:57,(anonymous_5)
FN:59,(anonymous_6)
FN:61,(anonymous_7)
FNF:8
FNH:7
FNDA:28,formatEntry
FNDA:11,createLogger
FNDA:70,log
FNDA:42,(anonymous_3)
FNDA:25,(anonymous_4)
FNDA:2,(anonymous_5)
FNDA:1,(anonymous_6)
FNDA:0,(anonymous_7)
DA:9,9
DA:11,9
DA:12,9
DA:23,28
DA:24,28
DA:25,28
DA:26,28
DA:42,70
DA:43,28
DA:44,28
DA:45,1
DA:47,27
DA:51,11
DA:53,42
DA:55,25
DA:57,2
DA:59,1
DA:61,0
DA:65,9
LF:19
LH:18
BRDA:12,0,0,9
BRDA:12,0,1,0
BRDA:25,1,0,1
BRDA:25,1,1,27
BRDA:42,2,0,42
BRDA:42,2,1,28
BRDA:44,3,0,1
BRDA:44,3,1,27
BRDA:44,4,0,28
BRDA:44,4,1,27
BRF:10
BRH:9
end_of_record
TN:
SF:src\services\resilience\circuitBreaker.js
FN:26,getCircuit
FN:43,isOpen
FN:66,recordSuccess
FN:79,recordFailure
FN:95,getAllStates
FN:107,reset
FNF:6
FNH:6
FNDA:19,getCircuit
FNDA:5,isOpen
FNDA:1,recordSuccess
FNDA:13,recordFailure
FNDA:1,getAllStates
FNDA:6,reset
DA:8,1
DA:9,1
DA:11,1
DA:14,1
DA:16,1
DA:17,1
DA:19,1
DA:27,19
DA:28,6
DA:35,19
DA:44,5
DA:46,5
DA:48,2
DA:50,2
DA:51,0
DA:52,0
DA:53,0
DA:55,2
DA:59,0
DA:67,1
DA:68,1
DA:69,0
DA:71,1
DA:72,1
DA:80,13
DA:81,13
DA:82,13
DA:84,13
DA:85,2
DA:86,2
DA:87,2
DA:96,1
DA:97,1
DA:98,1
DA:100,1
DA:108,6
DA:109,6
DA:112,1
LF:38
LH:33
BRDA:16,0,0,1
BRDA:16,0,1,0
BRDA:17,1,0,1
BRDA:17,1,1,0
BRDA:27,2,0,6
BRDA:27,2,1,13
BRDA:46,3,0,3
BRDA:46,3,1,2
BRDA:48,4,0,2
BRDA:48,4,1,0
BRDA:50,5,0,0
BRDA:50,5,1,2
BRDA:68,6,0,0
BRDA:68,6,1,1
BRDA:84,7,0,2
BRDA:84,7,1,11
BRF:16
BRH:11
end_of_record
TN:
SF:src\utils\errorMessages.js
FN:43,friendlyError
FNF:1
FNH:1
FNDA:9,friendlyError
DA:10,1
DA:44,9
DA:46,7
DA:47,7
DA:50,7
DA:51,2
DA:55,5
DA:56,5
DA:57,1
DA:61,4
DA:62,4
DA:63,63
DA:64,2
DA:69,2
DA:70,1
DA:73,1
DA:76,1
LF:17
LH:17
BRDA:44,0,0,2
BRDA:44,0,1,7
BRDA:46,1,0,1
BRDA:46,1,1,6
BRDA:46,2,0,6
BRDA:46,2,1,0
BRDA:47,3,0,6
BRDA:47,3,1,1
BRDA:47,4,0,6
BRDA:47,4,1,4
BRDA:47,4,2,4
BRDA:50,5,0,2
BRDA:50,5,1,5
BRDA:50,6,0,7
BRDA:50,6,1,2
BRDA:56,7,0,1
BRDA:56,7,1,4
BRDA:56,8,0,5
BRDA:56,8,1,1
BRDA:63,9,0,2
BRDA:63,9,1,61
BRDA:69,10,0,1
BRDA:69,10,1,1
BRF:23
BRH:22
end_of_record
TN:
SF:src\utils\fsUtil.js
FN:19,ensureDir
FN:34,writeJson
FN:50,writeFile
FN:65,readJson
FN:81,fileExists
FN:95,dirSize
FNF:6
FNH:6
FNDA:38,ensureDir
FNDA:3,writeJson
FNDA:12,writeFile
FNDA:4,readJson
FNDA:3,fileExists
FNDA:5,dirSize
DA:8,3
DA:9,3
DA:10,3
DA:12,3
DA:20,38
DA:21,38
DA:23,0
DA:24,0
DA:35,3
DA:36,3
DA:37,3
DA:39,0
DA:40,0
DA:51,12
DA:52,12
DA:53,12
DA:55,0
DA:56,0
DA:66,4
DA:67,4
DA:68,3
DA:70,2
DA:71,1
DA:72,1
DA:82,3
DA:83,3
DA:84,2
DA:86,1
DA:96,5
DA:97,5
DA:98,5
DA:99,4
DA:100,5
DA:101,5
DA:102,1
DA:104,4
DA:105,4
DA:109,1
DA:110,0
DA:113,5
DA:116,3
LF:41
LH:34
BRDA:70,0,0,1
BRDA:70,0,1,1
BRDA:101,1,0,1
BRDA:101,1,1,4
BRDA:109,2,0,0
BRDA:109,2,1,1
BRF:6
BRH:5
end_of_record
TN:
SF:src\utils\id.js
FN:15,generateJobId
FNF:1
FNH:1
FNDA:4,generateJobId
DA:8,1
DA:16,4
DA:17,4
DA:18,20
DA:20,4
DA:23,1
LF:6
LH:6
BRF:0
BRH:0
end_of_record
TN:
SF:src\utils\text.js
FN:20,startsWithCommand
FN:23,(anonymous_1)
FN:32,splitArgs
FN:55,isWizardTrigger
FN:59,(anonymous_4)
FN:67,stripMentions
FN:78,truncate
FNF:7
FNH:7
FNDA:10,startsWithCommand
FNDA:9,(anonymous_1)
FNDA:4,splitArgs
FNDA:19,isWizardTrigger
FNDA:88,(anonymous_4)
FNDA:5,stripMentions
FNDA:6,truncate
DA:8,1
DA:10,1
DA:21,10
DA:22,6
DA:23,9
DA:33,4
DA:34,3
DA:37,3
DA:38,3
DA:39,4
DA:40,2
DA:41,2
DA:45,3
DA:46,3
DA:47,3
DA:56,19
DA:57,16
DA:59,88
DA:68,5
DA:69,3
DA:79,6
DA:80,3
DA:81,1
DA:84,1
LF:24
LH:24
BRDA:21,0,0,4
BRDA:21,0,1,6
BRDA:21,1,0,10
BRDA:21,1,1,7
BRDA:33,2,0,1
BRDA:33,2,1,3
BRDA:33,3,0,4
BRDA:33,3,1,3
BRDA:39,4,0,2
BRDA:39,4,1,2
BRDA:46,5,0,3
BRDA:46,5,1,0
BRDA:56,6,0,3
BRDA:56,6,1,16
BRDA:56,7,0,19
BRDA:56,7,1,16
BRDA:59,8,0,88
BRDA:59,8,1,78
BRDA:68,9,0,2
BRDA:68,9,1,3
BRDA:78,10,0,3
BRDA:79,11,0,3
BRDA:79,11,1,3
BRDA:79,12,0,6
BRDA:79,12,1,4
BRDA:80,13,0,2
BRDA:80,13,1,1
BRF:27
BRH:26
end_of_record
TN:
SF:src\utils\time.js
FN:12,nowIso
FN:21,formatDuration
FN:45,parseTime
FNF:3
FNH:3
FNDA:5,nowIso
FNDA:11,formatDuration
FNDA:21,parseTime
DA:13,5
DA:22,11
DA:23,11
DA:25,7
DA:26,7
DA:27,7
DA:29,7
DA:30,2
DA:31,2
DA:33,5
DA:34,3
DA:35,3
DA:37,2
DA:46,21
DA:47,17
DA:50,17
DA:51,15
DA:52,14
DA:55,12
DA:56,12
DA:58,10
DA:59,10
DA:61,10
DA:62,10
DA:65,2
LF:25
LH:25
BRDA:22,0,0,1
BRDA:22,0,1,10
BRDA:23,1,0,4
BRDA:23,1,1,7
BRDA:29,2,0,2
BRDA:29,2,1,5
BRDA:31,3,0,1
BRDA:31,3,1,1
BRDA:33,4,0,3
BRDA:33,4,1,2
BRDA:35,5,0,1
BRDA:35,5,1,2
BRDA:46,6,0,4
BRDA:46,6,1,17
BRDA:46,7,0,21
BRDA:46,7,1,18
BRDA:50,8,0,2
BRDA:50,8,1,15
BRDA:51,9,0,1
BRDA:51,9,1,14
BRDA:52,10,0,2
BRDA:52,10,1,12
BRDA:56,11,0,2
BRDA:56,11,1,10
BRDA:62,12,0,10
BRDA:62,12,1,0
BRF:26
BRH:25
end_of_record
TN:
SF:src\utils\validators.js
FN:39,normalizeType
FN:50,normalizeFormat
FN:61,normalizeDelivery
FN:72,parseLimit
FNF:4
FNH:3
FNDA:12,normalizeType
FNDA:6,normalizeFormat
FNDA:0,normalizeDelivery
FNDA:7,parseLimit
DA:8,3
DA:11,3
DA:19,3
DA:29,3
DA:40,12
DA:41,10
DA:42,10
DA:51,6
DA:52,5
DA:53,5
DA:62,0
DA:63,0
DA:64,0
DA:73,7
DA:74,7
DA:76,7
DA:77,6
DA:78,6
DA:79,3
DA:82,3
LF:20
LH:17
BRDA:40,0,0,2
BRDA:40,0,1,10
BRDA:40,1,0,12
BRDA:40,1,1,10
BRDA:42,2,0,10
BRDA:42,2,1,1
BRDA:51,3,0,1
BRDA:51,3,1,5
BRDA:51,4,0,6
BRDA:51,4,1,5
BRDA:53,5,0,5
BRDA:53,5,1,1
BRDA:62,6,0,0
BRDA:62,6,1,0
BRDA:62,7,0,0
BRDA:62,7,1,0
BRDA:64,8,0,0
BRDA:64,8,1,0
BRDA:76,9,0,1
BRDA:76,9,1,6
BRDA:76,10,0,7
BRDA:76,10,1,7
BRDA:76,10,2,6
BRDA:78,11,0,3
BRDA:78,11,1,3
BRDA:78,12,0,6
BRDA:78,12,1,5
BRF:27
BRH:21
end_of_record
